[11:14:51] [Client thread/INFO]: Setting user: Player9
[11:14:51] [Client thread/INFO]: (Session ID is token:0:Player9)
[11:14:51] [Client thread/INFO]: LWJGL Version: 2.9.1
[11:14:52] [Client thread/INFO]: Reloading ResourceManager: Default
[11:14:52] [Sound Library Loader/INFO]: Starting up SoundSystem...
[11:14:52] [Thread-7/INFO]: Initializing LWJGL OpenAL
[11:14:52] [Thread-7/INFO]: (The LWJGL binding of OpenAL.  For more information, see http://www.lwjgl.org)
[11:14:52] [Thread-7/INFO]: OpenAL initialized.
[11:14:53] [Sound Library Loader/INFO]: Sound engine started
[11:14:56] [Client thread/INFO]: Created: 4096x2048 textures-atlas
[11:15:55] [Client thread/INFO]: Connecting to play.arkflame.com, 25565
[11:15:56] [Client thread/INFO]: [CHAT]        
[11:15:57] [Client thread/INFO]: [CHAT] 
¡Consigue el rango EPICO!
¡Obtenlo con el comando /vote!

[11:15:58] [Client thread/INFO]: [CHAT] 
[11:15:58] [Client thread/INFO]: [CHAT] Visita nuestra Tienda, Discord y otros en:
[11:15:58] [Client thread/INFO]: [CHAT] https://arkflame.com (Vota para ganar RANGO)
[11:15:58] [Client thread/INFO]: [CHAT]        
[11:15:58] [Client thread/INFO]: [CHAT] Tienes tu Premio Diario disponible! Usa /reward para recibirlo!
[11:16:57] [Client thread/INFO]: [CHAT] 
HOST: Necesitamos 60USD para pagar el servidor,
 ayudanos en arkflame.com/tienda§r

[11:17:57] [Client thread/INFO]: [CHAT] 
¡Enterate de nuestras ultimas novedades!
¡Unete a nuestro Discord! arkflame.com/discord§r

[11:18:00] [Client thread/INFO]: Stopping!
[11:18:00] [Client thread/INFO]: SoundSystem shutting down...
[11:18:00] [Client thread/WARN]: Author: Paul Lamb, www.paulscode.com
