#
# A fatal error has been detected by the Java Runtime Environment:
#
#  EXCEPTION_ACCESS_VIOLATION (0xc0000005) at pc=0x00007ff8702f3fe0, pid=7472, tid=0x000000000000801c
#
# JRE version: Java(TM) SE Runtime Environment (8.0_301-b09) (build 1.8.0_301-b09)
# Java VM: Java HotSpot(TM) 64-Bit Server VM (25.301-b09 mixed mode windows-amd64 compressed oops)
# Problematic frame:
# C  [nvoglv64.dll+0xe03fe0]
#
# Failed to write core dump. Minidumps are not enabled by default on client versions of Windows
#
# If you would like to submit a bug report, please visit:
#   http://bugreport.java.com/bugreport/crash.jsp
# The crash happened outside the Java Virtual Machine in native code.
# See problematic frame for where to report the bug.
#

---------------  T H R E A D  ---------------

Current thread (0x0000021e308f9000):  JavaThread "Client thread" [_thread_in_native, id=32796, stack(0x0000003176e00000,0x0000003176f00000)]

siginfo: ExceptionCode=0xc0000005, reading address 0x000000000000007c

Registers:
RAX=0x0000021e5a442d64, RBX=0x0000021e4a8b0b60, RCX=0x0000021e4a8b0b60, RDX=0x0000000000000000
RSP=0x0000003176efe178, RBP=0x0000000000000001, RSI=0x0000021e4fa30000, RDI=0x0000003176efe360
R8 =0x0000000000000002, R9 =0x0000000000000001, R10=0x0000000000000004, R11=0x0000000000000004
R12=0x0000021e4fa30000, R13=0x0000000000000000, R14=0x0000021e57c16600, R15=0x0000000000000001
RIP=0x00007ff8702f3fe0, EFLAGS=0x0000000000010202

Top of Stack: (sp=0x0000003176efe178)
0x0000003176efe178:   00007ff870360298 0000000000000000
0x0000003176efe188:   0000021e51db6040 0000021e57c16600
0x0000003176efe198:   0000000000000001 0000000000000000
0x0000003176efe1a8:   00007ff86fdf5420 0000021e57c16600
0x0000003176efe1b8:   0000000000000001 00007ff86fdf5420
0x0000003176efe1c8:   00007ff86fdf7b6c 0000000000000000
0x0000003176efe1d8:   0000021e5c888420 0000003100000780
0x0000003176efe1e8:   0000003176efe360 0000021e00000004
0x0000003176efe1f8:   0000000000000000 0000004f0000004f
0x0000003176efe208:   0000000000000005 0000000000000000
0x0000003176efe218:   0000000000000000 0000000000000000
0x0000003176efe228:   0000000000000000 0000021e4fa30000
0x0000003176efe238:   0000021e5c888420 0000021e57c16600
0x0000003176efe248:   00007ff86ff2f987 0000003176efe350
0x0000003176efe258:   0000003100000000 0000000000000000
0x0000003176efe268:   0000000000000001 0000021e00000020 

Instructions: (pc=0x00007ff8702f3fe0)
0x00007ff8702f3fc0:   38 48 8b 74 24 40 48 8b 7c 24 48 48 83 c4 20 41
0x00007ff8702f3fd0:   5e e9 ca 2b 06 00 cc cc cc cc cc cc cc cc cc cc
0x00007ff8702f3fe0:   66 83 7a 7c 00 45 8b d8 4c 8b d2 75 0f f6 42 7a
0x00007ff8702f3ff0:   01 74 22 83 3d 42 bc b5 01 00 74 19 44 8b 81 d8 


Register to memory mapping:

RAX=0x0000021e5a442d64 is an unknown value
RBX=0x0000021e4a8b0b60 is an unknown value
RCX=0x0000021e4a8b0b60 is an unknown value
RDX=0x0000000000000000 is an unknown value
RSP=0x0000003176efe178 is pointing into the stack for thread: 0x0000021e308f9000
RBP=0x0000000000000001 is an unknown value
RSI=0x0000021e4fa30000 is an unknown value
RDI=0x0000003176efe360 is pointing into the stack for thread: 0x0000021e308f9000
R8 =0x0000000000000002 is an unknown value
R9 =0x0000000000000001 is an unknown value
R10=0x0000000000000004 is an unknown value
R11=0x0000000000000004 is an unknown value
R12=0x0000021e4fa30000 is an unknown value
R13=0x0000000000000000 is an unknown value
R14=0x0000021e57c16600 is an unknown value
R15=0x0000000000000001 is an unknown value


Stack: [0x0000003176e00000,0x0000003176f00000],  sp=0x0000003176efe178,  free space=1016k
Native frames: (J=compiled Java code, j=interpreted, Vv=VM code, C=native code)
C  [nvoglv64.dll+0xe03fe0]

Java frames: (J=compiled Java code, j=interpreted, Vv=VM code)
J 3699  org.lwjgl.opengl.GL11.nglTexSubImage2D(IIIIIIIIJJ)V (0 bytes) @ 0x0000021e32bc7ec5 [0x0000021e32bc7e40+0x85]
J 4412 C2 net.minecraft.client.renderer.texture.TextureUtil.uploadTextureSub(I[IIIIIZZZ)V (97 bytes) @ 0x0000021e334ad2d4 [0x0000021e334ace80+0x454]
J 7968 C2 net.minecraft.client.renderer.texture.TextureUtil.uploadTextureMipmap([[IIIIIZZ)V (62 bytes) @ 0x0000021e32d869a4 [0x0000021e32d868e0+0xc4]
J 4129 C1 net.minecraft.client.renderer.texture.TextureAtlasSprite.updateAnimation()V (229 bytes) @ 0x0000021e32e95b7c [0x0000021e32e94960+0x121c]
J 5577 C1 net.minecraft.client.renderer.texture.TextureMap.updateAnimations()V (171 bytes) @ 0x0000021e3361f90c [0x0000021e3361f180+0x78c]
J 8000 C1 net.minecraft.client.renderer.texture.TextureMap.tick()V (5 bytes) @ 0x0000021e32b9168c [0x0000021e32b91600+0x8c]
j  net.minecraft.client.renderer.texture.TextureManager.tick()V+24
J 7756 C1 net.minecraft.client.Minecraft.runTick()V (2277 bytes) @ 0x0000021e33f55d9c [0x0000021e33f55920+0x47c]
J 4349 C1 net.minecraft.client.Minecraft.runGameLoop()V (915 bytes) @ 0x0000021e3345c3cc [0x0000021e3345b960+0xa6c]
j  net.minecraft.client.Minecraft.run()V+54
j  net.minecraft.client.main.Main.main([Ljava/lang/String;)V+994
j  Start.main([Ljava/lang/String;)V+66
v  ~StubRoutines::call_stub

---------------  P R O C E S S  ---------------

Java Threads: ( => current thread )
  0x0000021e55980800 JavaThread "pool-2-thread-1" [_thread_blocked, id=26092, stack(0x000000317b560000,0x000000317b660000)]
  0x0000021e5597e800 JavaThread "File IO Thread" [_thread_blocked, id=28840, stack(0x0000003179700000,0x0000003179800000)]
  0x0000021e5597a800 JavaThread "Netty Server IO #1" daemon [_thread_in_native, id=18460, stack(0x000000317af60000,0x000000317b060000)]
  0x0000021e46e6c800 JavaThread "Netty Local Client IO #0" daemon [_thread_blocked, id=33832, stack(0x000000317ae60000,0x000000317af60000)]
  0x0000021e46e66000 JavaThread "Netty Server IO #0" daemon [_thread_in_native, id=29596, stack(0x000000317ac60000,0x000000317ad60000)]
  0x0000021e46e6c000 JavaThread "Server thread" [_thread_blocked, id=30208, stack(0x000000317ab60000,0x000000317ac60000)]
  0x0000021e46e6b000 JavaThread "Snooper Timer" daemon [_thread_blocked, id=27232, stack(0x000000317aa60000,0x000000317ab60000)]
  0x0000021e46e6a800 JavaThread "LWJGL Timer" daemon [_thread_blocked, id=16588, stack(0x000000317a600000,0x000000317a700000)]
  0x0000021e46e68000 JavaThread "Chunk Batcher 1" daemon [_thread_blocked, id=428, stack(0x000000317a500000,0x000000317a600000)]
  0x0000021e46e67800 JavaThread "Chunk Batcher 0" daemon [_thread_blocked, id=32492, stack(0x0000003179f00000,0x000000317a000000)]
  0x0000021e477b1800 JavaThread "Thread-8" [_thread_blocked, id=27340, stack(0x000000317a200000,0x000000317a300000)]
  0x0000021e4a889000 JavaThread "Thread-7" [_thread_blocked, id=29388, stack(0x000000317a100000,0x000000317a200000)]
  0x0000021e486da800 JavaThread "Java2D Disposer" daemon [_thread_blocked, id=14676, stack(0x0000003179900000,0x0000003179a00000)]
  0x0000021e499ae000 JavaThread "Timer hack thread" daemon [_thread_blocked, id=33780, stack(0x0000003179800000,0x0000003179900000)]
  0x0000021e49f7d800 JavaThread "Snooper Timer" daemon [_thread_blocked, id=13564, stack(0x0000003179500000,0x0000003179600000)]
  0x0000021e46ea0800 JavaThread "Service Thread" daemon [_thread_blocked, id=29548, stack(0x0000003179300000,0x0000003179400000)]
  0x0000021e46e5f800 JavaThread "C1 CompilerThread11" daemon [_thread_blocked, id=34012, stack(0x0000003179200000,0x0000003179300000)]
  0x0000021e46dba800 JavaThread "C1 CompilerThread10" daemon [_thread_blocked, id=19148, stack(0x0000003179100000,0x0000003179200000)]
  0x0000021e46dbb800 JavaThread "C1 CompilerThread9" daemon [_thread_blocked, id=24772, stack(0x0000003179000000,0x0000003179100000)]
  0x0000021e46dc1800 JavaThread "C1 CompilerThread8" daemon [_thread_blocked, id=18192, stack(0x0000003178f00000,0x0000003179000000)]
  0x0000021e46dbe800 JavaThread "C2 CompilerThread7" daemon [_thread_blocked, id=32416, stack(0x0000003178e00000,0x0000003178f00000)]
  0x0000021e46dbd800 JavaThread "C2 CompilerThread6" daemon [_thread_blocked, id=21896, stack(0x0000003178d00000,0x0000003178e00000)]
  0x0000021e46dc0800 JavaThread "C2 CompilerThread5" daemon [_thread_blocked, id=19848, stack(0x0000003178c00000,0x0000003178d00000)]
  0x0000021e46dc0000 JavaThread "C2 CompilerThread4" daemon [_thread_blocked, id=32224, stack(0x0000003178b00000,0x0000003178c00000)]
  0x0000021e46dbf000 JavaThread "C2 CompilerThread3" daemon [_thread_blocked, id=29804, stack(0x0000003178a00000,0x0000003178b00000)]
  0x0000021e46dbd000 JavaThread "C2 CompilerThread2" daemon [_thread_blocked, id=28408, stack(0x0000003178900000,0x0000003178a00000)]
  0x0000021e46dbc000 JavaThread "C2 CompilerThread1" daemon [_thread_blocked, id=21732, stack(0x0000003178800000,0x0000003178900000)]
  0x0000021e46db3800 JavaThread "C2 CompilerThread0" daemon [_thread_blocked, id=19348, stack(0x0000003178700000,0x0000003178800000)]
  0x0000021e46daa000 JavaThread "Attach Listener" daemon [_thread_blocked, id=8116, stack(0x0000003178600000,0x0000003178700000)]
  0x0000021e46da9000 JavaThread "Signal Dispatcher" daemon [_thread_blocked, id=7912, stack(0x0000003178500000,0x0000003178600000)]
  0x0000021e46da8000 JavaThread "Surrogate Locker Thread (Concurrent GC)" daemon [_thread_blocked, id=20968, stack(0x0000003178400000,0x0000003178500000)]
  0x0000021e46d80800 JavaThread "Finalizer" daemon [_thread_blocked, id=34696, stack(0x0000003178300000,0x0000003178400000)]
  0x0000021e46d79800 JavaThread "Reference Handler" daemon [_thread_blocked, id=28492, stack(0x0000003178200000,0x0000003178300000)]
=>0x0000021e308f9000 JavaThread "Client thread" [_thread_in_native, id=32796, stack(0x0000003176e00000,0x0000003176f00000)]

Other Threads:
  0x0000021e46d52000 VMThread [stack: 0x0000003178100000,0x0000003178200000] [id=16252]
  0x0000021e46ea2000 WatcherThread [stack: 0x0000003179400000,0x0000003179500000] [id=25484]

VM state:not at safepoint (normal execution)

VM Mutex/Monitor currently owned by a thread: None

heap address: 0x00000000c0000000, size: 1024 MB, Compressed Oops mode: 32-bit
Narrow klass base: 0x0000000000000000, Narrow klass shift: 3
Compressed class space size: 1073741824 Address: 0x0000000100000000

Heap:
 par new generation   total 314560K, used 276372K [0x00000000c0000000, 0x00000000d5550000, 0x00000000d5550000)
  eden space 279616K,  89% used [0x00000000c0000000, 0x00000000cf59d330, 0x00000000d1110000)
  from space 34944K,  71% used [0x00000000d3330000, 0x00000000d4b77dd0, 0x00000000d5550000)
  to   space 34944K,   0% used [0x00000000d1110000, 0x00000000d1110000, 0x00000000d3330000)
 concurrent mark-sweep generation total 699072K, used 138101K [0x00000000d5550000, 0x0000000100000000, 0x0000000100000000)
 Metaspace       used 38826K, capacity 39113K, committed 39444K, reserved 1083392K
  class space    used 4549K, capacity 4637K, committed 4676K, reserved 1048576K

Card table byte_map: [0x0000021e41880000,0x0000021e41a90000] byte_map_base: 0x0000021e41280000

Marking Bits: (CMSBitMap*) 0x0000021e428e0708
 Bits: [0x0000021e429c0000, 0x0000021e4346ac00)

Mod Union Table: (CMSBitMap*) 0x0000021e428e07c8
 Bits: [0x0000021e43470000, 0x0000021e4349aab0)

Polling page: 0x0000021e30bb0000

CodeCache: size=245760Kb used=28187Kb max_used=28210Kb free=217572Kb
 bounds [0x0000021e324c0000, 0x0000021e34080000, 0x0000021e414c0000]
 total_blobs=7107 nmethods=6304 adapters=711
 compilation: enabled

Compilation events (10 events):
Event: 23.080 Thread 0x0000021e46dbd000 nmethod 8160 0x0000021e33c850d0 code [0x0000021e33c85220, 0x0000021e33c853c8]
Event: 23.087 Thread 0x0000021e46dbf000 nmethod 8133 0x0000021e34069f10 code [0x0000021e3406a700, 0x0000021e340708f0]
Event: 23.087 Thread 0x0000021e46dba800 8161       3       com.google.common.collect.Iterators::concat (14 bytes)
Event: 23.087 Thread 0x0000021e46dbb800 8162       3       com.google.common.collect.Iterators$5::<init> (17 bytes)
Event: 23.087 Thread 0x0000021e46dc1800 8163       1       net.minecraft.util.ChatComponentStyle::getSiblings (5 bytes)
Event: 23.087 Thread 0x0000021e46dc1800 nmethod 8163 0x0000021e32e3c410 code [0x0000021e32e3c560, 0x0000021e32e3c678]
Event: 23.087 Thread 0x0000021e46dbb800 nmethod 8162 0x0000021e33c84bd0 code [0x0000021e33c84d40, 0x0000021e33c84fd8]
Event: 23.087 Thread 0x0000021e46dba800 nmethod 8161 0x0000021e337e0010 code [0x0000021e337e01a0, 0x0000021e337e0630]
Event: 23.087 Thread 0x0000021e46db3800 8164       4       net.minecraft.client.renderer.GlStateManager::enableLighting (7 bytes)
Event: 23.088 Thread 0x0000021e46db3800 nmethod 8164 0x0000021e33c84710 code [0x0000021e33c84860, 0x0000021e33c84988]

GC Heap History (10 events):
Event: 4.900 GC heap before
{Heap before GC invocations=3 (full 1):
 par new generation   total 314560K, used 311956K [0x00000000c0000000, 0x00000000d5550000, 0x00000000d5550000)
  eden space 279616K, 100% used [0x00000000c0000000, 0x00000000d1110000, 0x00000000d1110000)
  from space 34944K,  92% used [0x00000000d3330000, 0x00000000d52c5138, 0x00000000d5550000)
  to   space 34944K,   0% used [0x00000000d1110000, 0x00000000d1110000, 0x00000000d3330000)
 concurrent mark-sweep generation total 699072K, used 56660K [0x00000000d5550000, 0x0000000100000000, 0x0000000100000000)
 Metaspace       used 32872K, capacity 33081K, committed 33504K, reserved 1079296K
  class space    used 4151K, capacity 4229K, committed 4292K, reserved 1048576K
Event: 4.911 GC heap after
Heap after GC invocations=4 (full 1):
 par new generation   total 314560K, used 27000K [0x00000000c0000000, 0x00000000d5550000, 0x00000000d5550000)
  eden space 279616K,   0% used [0x00000000c0000000, 0x00000000c0000000, 0x00000000d1110000)
  from space 34944K,  77% used [0x00000000d1110000, 0x00000000d2b6e150, 0x00000000d3330000)
  to   space 34944K,   0% used [0x00000000d3330000, 0x00000000d3330000, 0x00000000d5550000)
 concurrent mark-sweep generation total 699072K, used 56660K [0x00000000d5550000, 0x0000000100000000, 0x0000000100000000)
 Metaspace       used 32872K, capacity 33081K, committed 33504K, reserved 1079296K
  class space    used 4151K, capacity 4229K, committed 4292K, reserved 1048576K
}
Event: 14.671 GC heap before
{Heap before GC invocations=4 (full 1):
 par new generation   total 314560K, used 113604K [0x00000000c0000000, 0x00000000d5550000, 0x00000000d5550000)
  eden space 279616K,  30% used [0x00000000c0000000, 0x00000000c5493268, 0x00000000d1110000)
  from space 34944K,  77% used [0x00000000d1110000, 0x00000000d2b6e150, 0x00000000d3330000)
  to   space 34944K,   0% used [0x00000000d3330000, 0x00000000d3330000, 0x00000000d5550000)
 concurrent mark-sweep generation total 699072K, used 56660K [0x00000000d5550000, 0x0000000100000000, 0x0000000100000000)
 Metaspace       used 33342K, capacity 33529K, committed 33836K, reserved 1079296K
  class space    used 4173K, capacity 4229K, committed 4292K, reserved 1048576K
Event: 14.802 GC heap after
Heap after GC invocations=5 (full 2):
 par new generation   total 314560K, used 0K [0x00000000c0000000, 0x00000000d5550000, 0x00000000d5550000)
  eden space 279616K,   0% used [0x00000000c0000000, 0x00000000c0000000, 0x00000000d1110000)
  from space 34944K,   0% used [0x00000000d1110000, 0x00000000d1110000, 0x00000000d3330000)
  to   space 34944K,   0% used [0x00000000d3330000, 0x00000000d3330000, 0x00000000d5550000)
 concurrent mark-sweep generation total 699072K, used 66964K [0x00000000d5550000, 0x0000000100000000, 0x0000000100000000)
 Metaspace       used 33342K, capacity 33529K, committed 33836K, reserved 1079296K
  class space    used 4173K, capacity 4229K, committed 4292K, reserved 1048576K
}
Event: 14.802 GC heap before
{Heap before GC invocations=5 (full 2):
 par new generation   total 314560K, used 0K [0x00000000c0000000, 0x00000000d5550000, 0x00000000d5550000)
  eden space 279616K,   0% used [0x00000000c0000000, 0x00000000c0000000, 0x00000000d1110000)
  from space 34944K,   0% used [0x00000000d1110000, 0x00000000d1110000, 0x00000000d3330000)
  to   space 34944K,   0% used [0x00000000d3330000, 0x00000000d3330000, 0x00000000d5550000)
 concurrent mark-sweep generation total 699072K, used 66964K [0x00000000d5550000, 0x0000000100000000, 0x0000000100000000)
 Metaspace       used 33342K, capacity 33529K, committed 33836K, reserved 1079296K
  class space    used 4173K, capacity 4229K, committed 4292K, reserved 1048576K
Event: 14.893 GC heap after
Heap after GC invocations=6 (full 3):
 par new generation   total 314560K, used 0K [0x00000000c0000000, 0x00000000d5550000, 0x00000000d5550000)
  eden space 279616K,   0% used [0x00000000c0000000, 0x00000000c0000000, 0x00000000d1110000)
  from space 34944K,   0% used [0x00000000d1110000, 0x00000000d1110000, 0x00000000d3330000)
  to   space 34944K,   0% used [0x00000000d3330000, 0x00000000d3330000, 0x00000000d5550000)
 concurrent mark-sweep generation total 699072K, used 66964K [0x00000000d5550000, 0x0000000100000000, 0x0000000100000000)
 Metaspace       used 33342K, capacity 33529K, committed 33836K, reserved 1079296K
  class space    used 4173K, capacity 4229K, committed 4292K, reserved 1048576K
}
Event: 15.654 GC heap before
{Heap before GC invocations=6 (full 3):
 par new generation   total 314560K, used 200168K [0x00000000c0000000, 0x00000000d5550000, 0x00000000d5550000)
  eden space 279616K,  71% used [0x00000000c0000000, 0x00000000cc37a278, 0x00000000d1110000)
  from space 34944K,   0% used [0x00000000d1110000, 0x00000000d1110000, 0x00000000d3330000)
  to   space 34944K,   0% used [0x00000000d3330000, 0x00000000d3330000, 0x00000000d5550000)
 concurrent mark-sweep generation total 699072K, used 66964K [0x00000000d5550000, 0x0000000100000000, 0x0000000100000000)
 Metaspace       used 36572K, capacity 36809K, committed 37140K, reserved 1081344K
  class space    used 4477K, capacity 4573K, committed 4676K, reserved 1048576K
Event: 15.850 GC heap after
Heap after GC invocations=7 (full 4):
 par new generation   total 314560K, used 0K [0x00000000c0000000, 0x00000000d5550000, 0x00000000d5550000)
  eden space 279616K,   0% used [0x00000000c0000000, 0x00000000c0000000, 0x00000000d1110000)
  from space 34944K,   0% used [0x00000000d1110000, 0x00000000d1110000, 0x00000000d3330000)
  to   space 34944K,   0% used [0x00000000d3330000, 0x00000000d3330000, 0x00000000d5550000)
 concurrent mark-sweep generation total 699072K, used 139961K [0x00000000d5550000, 0x0000000100000000, 0x0000000100000000)
 Metaspace       used 36572K, capacity 36809K, committed 37140K, reserved 1081344K
  class space    used 4477K, capacity 4573K, committed 4676K, reserved 1048576K
}
Event: 19.414 GC heap before
{Heap before GC invocations=7 (full 5):
 par new generation   total 314560K, used 266174K [0x00000000c0000000, 0x00000000d5550000, 0x00000000d5550000)
  eden space 279616K,  95% used [0x00000000c0000000, 0x00000000d03ef8c0, 0x00000000d1110000)
  from space 34944K,   0% used [0x00000000d1110000, 0x00000000d1110000, 0x00000000d3330000)
  to   space 34944K,   0% used [0x00000000d3330000, 0x00000000d3330000, 0x00000000d5550000)
 concurrent mark-sweep generation total 699072K, used 139961K [0x00000000d5550000, 0x0000000100000000, 0x0000000100000000)
 Metaspace       used 38256K, capacity 38537K, committed 38676K, reserved 1083392K
  class space    used 4544K, capacity 4637K, committed 4676K, reserved 1048576K
Event: 19.418 GC heap after
Heap after GC invocations=8 (full 5):
 par new generation   total 314560K, used 24863K [0x00000000c0000000, 0x00000000d5550000, 0x00000000d5550000)
  eden space 279616K,   0% used [0x00000000c0000000, 0x00000000c0000000, 0x00000000d1110000)
  from space 34944K,  71% used [0x00000000d3330000, 0x00000000d4b77dd0, 0x00000000d5550000)
  to   space 34944K,   0% used [0x00000000d1110000, 0x00000000d1110000, 0x00000000d3330000)
 concurrent mark-sweep generation total 699072K, used 139961K [0x00000000d5550000, 0x0000000100000000, 0x0000000100000000)
 Metaspace       used 38256K, capacity 38537K, committed 38676K, reserved 1083392K
  class space    used 4544K, capacity 4637K, committed 4676K, reserved 1048576K
}

Deoptimization events (10 events):
Event: 22.976 Thread 0x0000021e308f9000 Uncommon trap: reason=class_check action=maybe_recompile pc=0x0000021e33c52f0c method=net.minecraft.client.renderer.entity.RenderItem.func_180454_a(Lnet/minecraft/item/ItemStack;Lnet/minecraft/client/resources/model/IBakedModel;)V @ 16
Event: 22.977 Thread 0x0000021e46e6c000 Uncommon trap: reason=class_check action=maybe_recompile pc=0x0000021e331aced4 method=java.util.regex.Pattern$5.isSatisfiedBy(I)Z @ 16
Event: 22.977 Thread 0x0000021e46e6c000 Uncommon trap: reason=bimorphic action=maybe_recompile pc=0x0000021e329f0ce0 method=java.util.regex.Pattern$CharProperty.match(Ljava/util/regex/Matcher;ILjava/lang/CharSequence;)Z @ 37
Event: 22.977 Thread 0x0000021e46e6c000 Uncommon trap: reason=class_check action=maybe_recompile pc=0x0000021e331aced4 method=java.util.regex.Pattern$5.isSatisfiedBy(I)Z @ 16
Event: 22.977 Thread 0x0000021e46e6c000 Uncommon trap: reason=bimorphic action=maybe_recompile pc=0x0000021e329f0ce0 method=java.util.regex.Pattern$CharProperty.match(Ljava/util/regex/Matcher;ILjava/lang/CharSequence;)Z @ 37
Event: 22.982 Thread 0x0000021e308f9000 Uncommon trap: reason=class_check action=maybe_recompile pc=0x0000021e32daece4 method=com.google.common.collect.Iterators.addAll(Ljava/util/Collection;Ljava/util/Iterator;)Z @ 13
Event: 22.983 Thread 0x0000021e308f9000 Uncommon trap: reason=unstable_if action=reinterpret pc=0x0000021e33e5ed04 method=java.lang.Long.numberOfTrailingZeros(J)I @ 62
Event: 22.983 Thread 0x0000021e308f9000 Uncommon trap: reason=class_check action=maybe_recompile pc=0x0000021e33009178 method=com.google.gson.internal.$Gson$Types.canonicalize(Ljava/lang/reflect/Type;)Ljava/lang/reflect/Type; @ 1
Event: 22.983 Thread 0x0000021e308f9000 Uncommon trap: reason=class_check action=maybe_recompile pc=0x0000021e3301a294 method=com.google.gson.reflect.TypeToken.<init>(Ljava/lang/reflect/Type;)V @ 9
Event: 22.983 Thread 0x0000021e308f9000 Uncommon trap: reason=class_check action=maybe_recompile pc=0x0000021e33009178 method=com.google.gson.internal.$Gson$Types.canonicalize(Ljava/lang/reflect/Type;)Ljava/lang/reflect/Type; @ 1

Classes redefined (0 events):
No events

Internal exceptions (10 events):
Event: 23.037 Thread 0x0000021e4a889000 Exception <a 'java/lang/InterruptedException': sleep interrupted> (0x00000000ca5460a8) thrown at [C:\jenkins\workspace\8-2-build-windows-amd64-cygwin\jdk8u301\1513\hotspot\src\share\vm\prims\jvm.cpp, line 3357]
Event: 23.044 Thread 0x0000021e4a889000 Exception <a 'java/lang/InterruptedException': sleep interrupted> (0x00000000ca546350) thrown at [C:\jenkins\workspace\8-2-build-windows-amd64-cygwin\jdk8u301\1513\hotspot\src\share\vm\prims\jvm.cpp, line 3357]
Event: 23.051 Thread 0x0000021e4a889000 Exception <a 'java/lang/InterruptedException': sleep interrupted> (0x00000000ca5465f8) thrown at [C:\jenkins\workspace\8-2-build-windows-amd64-cygwin\jdk8u301\1513\hotspot\src\share\vm\prims\jvm.cpp, line 3357]
Event: 23.055 Thread 0x0000021e4a889000 Exception <a 'java/lang/InterruptedException': sleep interrupted> (0x00000000ca546850) thrown at [C:\jenkins\workspace\8-2-build-windows-amd64-cygwin\jdk8u301\1513\hotspot\src\share\vm\prims\jvm.cpp, line 3357]
Event: 23.057 Thread 0x0000021e4a889000 Exception <a 'java/lang/InterruptedException': sleep interrupted> (0x00000000ca546af8) thrown at [C:\jenkins\workspace\8-2-build-windows-amd64-cygwin\jdk8u301\1513\hotspot\src\share\vm\prims\jvm.cpp, line 3357]
Event: 23.065 Thread 0x0000021e4a889000 Exception <a 'java/lang/InterruptedException': sleep interrupted> (0x00000000ca546da0) thrown at [C:\jenkins\workspace\8-2-build-windows-amd64-cygwin\jdk8u301\1513\hotspot\src\share\vm\prims\jvm.cpp, line 3357]
Event: 23.072 Thread 0x0000021e4a889000 Exception <a 'java/lang/InterruptedException': sleep interrupted> (0x00000000ca547048) thrown at [C:\jenkins\workspace\8-2-build-windows-amd64-cygwin\jdk8u301\1513\hotspot\src\share\vm\prims\jvm.cpp, line 3357]
Event: 23.079 Thread 0x0000021e4a889000 Exception <a 'java/lang/InterruptedException': sleep interrupted> (0x00000000ca5472f0) thrown at [C:\jenkins\workspace\8-2-build-windows-amd64-cygwin\jdk8u301\1513\hotspot\src\share\vm\prims\jvm.cpp, line 3357]
Event: 23.086 Thread 0x0000021e4a889000 Exception <a 'java/lang/InterruptedException': sleep interrupted> (0x00000000ca547598) thrown at [C:\jenkins\workspace\8-2-build-windows-amd64-cygwin\jdk8u301\1513\hotspot\src\share\vm\prims\jvm.cpp, line 3357]
Event: 23.093 Thread 0x0000021e4a889000 Exception <a 'java/lang/InterruptedException': sleep interrupted> (0x00000000ca547840) thrown at [C:\jenkins\workspace\8-2-build-windows-amd64-cygwin\jdk8u301\1513\hotspot\src\share\vm\prims\jvm.cpp, line 3357]

Events (10 events):
Event: 22.983 Thread 0x0000021e308f9000 Uncommon trap: trap_request=0xffffffde fr.pc=0x0000021e3301a294
Event: 22.983 Thread 0x0000021e308f9000 DEOPT PACKING pc=0x0000021e3301a294 sp=0x0000003176efe6e0
Event: 22.983 Thread 0x0000021e308f9000 DEOPT UNPACKING pc=0x0000021e32505843 sp=0x0000003176efe680 mode 2
Event: 22.983 Thread 0x0000021e308f9000 Uncommon trap: trap_request=0xffffffde fr.pc=0x0000021e33009178
Event: 22.983 Thread 0x0000021e308f9000 DEOPT PACKING pc=0x0000021e33009178 sp=0x0000003176efe670
Event: 22.983 Thread 0x0000021e308f9000 DEOPT UNPACKING pc=0x0000021e32505843 sp=0x0000003176efe610 mode 2
Event: 22.984 loading class com/google/gson/internal/ConstructorConstructor$3
Event: 22.984 loading class com/google/gson/internal/ConstructorConstructor$3 done
Event: 23.055 Thread 0x0000021e308f9000 DEOPT PACKING pc=0x0000021e33745646 sp=0x0000003176efe9e0
Event: 23.055 Thread 0x0000021e308f9000 DEOPT UNPACKING pc=0x0000021e32507898 sp=0x0000003176efe7f0 mode 0


Dynamic libraries:
0x00007ff72b040000 - 0x00007ff72b087000 	C:\Program Files\Java\jdk1.8.0_301\bin\javaw.exe
0x00007ff918520000 - 0x00007ff918727000 	C:\WINDOWS\SYSTEM32\ntdll.dll
0x00007ff917990000 - 0x00007ff917a4d000 	C:\WINDOWS\System32\KERNEL32.DLL
0x00007ff915f10000 - 0x00007ff916284000 	C:\WINDOWS\System32\KERNELBASE.dll
0x00007ff916730000 - 0x00007ff9167dc000 	C:\WINDOWS\System32\ADVAPI32.dll
0x00007ff9167e0000 - 0x00007ff916883000 	C:\WINDOWS\System32\msvcrt.dll
0x00007ff917cc0000 - 0x00007ff917d5d000 	C:\WINDOWS\System32\sechost.dll
0x00007ff9168d0000 - 0x00007ff9169f1000 	C:\WINDOWS\System32\RPCRT4.dll
0x00007ff9177e0000 - 0x00007ff91798c000 	C:\WINDOWS\System32\USER32.dll
0x00007ff915c60000 - 0x00007ff915c86000 	C:\WINDOWS\System32\win32u.dll
0x00007ff917b40000 - 0x00007ff917b69000 	C:\WINDOWS\System32\GDI32.dll
0x00007ff916290000 - 0x00007ff9163a2000 	C:\WINDOWS\System32\gdi32full.dll
0x00007ff915e70000 - 0x00007ff915f0d000 	C:\WINDOWS\System32\msvcp_win.dll
0x00007ff915c90000 - 0x00007ff915da1000 	C:\WINDOWS\System32\ucrtbase.dll
0x00007ff8f4210000 - 0x00007ff8f44b5000 	C:\WINDOWS\WinSxS\amd64_microsoft.windows.common-controls_6595b64144ccf1df_6.0.22000.120_none_9d947278b86cc467\COMCTL32.dll
0x00007ff916890000 - 0x00007ff9168c1000 	C:\WINDOWS\System32\IMM32.DLL
0x00007ff8ed4c0000 - 0x00007ff8ed4d5000 	C:\Program Files\Java\jdk1.8.0_301\jre\bin\vcruntime140.dll
0x00007ff8da170000 - 0x00007ff8da20b000 	C:\Program Files\Java\jdk1.8.0_301\jre\bin\msvcp140.dll
0x000000006b1a0000 - 0x000000006ba00000 	C:\Program Files\Java\jdk1.8.0_301\jre\bin\server\jvm.dll
0x00007ff917e70000 - 0x00007ff917e78000 	C:\WINDOWS\System32\PSAPI.DLL
0x00007ff904820000 - 0x00007ff904853000 	C:\WINDOWS\SYSTEM32\WINMM.dll
0x00007ff911d80000 - 0x00007ff911d89000 	C:\WINDOWS\SYSTEM32\WSOCK32.dll
0x00007ff90dd20000 - 0x00007ff90dd2a000 	C:\WINDOWS\SYSTEM32\VERSION.dll
0x00007ff917df0000 - 0x00007ff917e5f000 	C:\WINDOWS\System32\WS2_32.dll
0x00007ff914c20000 - 0x00007ff914c38000 	C:\WINDOWS\SYSTEM32\kernel.appcore.dll
0x00007ff900230000 - 0x00007ff900240000 	C:\Program Files\Java\jdk1.8.0_301\jre\bin\verify.dll
0x00007ff8e6f20000 - 0x00007ff8e6f4b000 	C:\Program Files\Java\jdk1.8.0_301\jre\bin\java.dll
0x00007ff8e5320000 - 0x00007ff8e5338000 	C:\Program Files\Java\jdk1.8.0_301\jre\bin\zip.dll
0x00007ff917030000 - 0x00007ff9177d9000 	C:\WINDOWS\System32\SHELL32.dll
0x00007ff913bb0000 - 0x00007ff914412000 	C:\WINDOWS\SYSTEM32\windows.storage.dll
0x00007ff9163b0000 - 0x00007ff916728000 	C:\WINDOWS\System32\combase.dll
0x00007ff913a40000 - 0x00007ff913ba6000 	C:\WINDOWS\SYSTEM32\wintypes.dll
0x00007ff917b70000 - 0x00007ff917c5a000 	C:\WINDOWS\System32\SHCORE.dll
0x00007ff916c80000 - 0x00007ff916cdd000 	C:\WINDOWS\System32\shlwapi.dll
0x00007ff915930000 - 0x00007ff915951000 	C:\WINDOWS\SYSTEM32\profapi.dll
0x00007ff8f76d0000 - 0x00007ff8f76dd000 	C:\Program Files\Java\jdk1.8.0_301\jre\bin\management.dll
0x00007ff8e5300000 - 0x00007ff8e531c000 	C:\Program Files\Java\jdk1.8.0_301\jre\bin\net.dll
0x00007ff915030000 - 0x00007ff915097000 	C:\WINDOWS\system32\mswsock.dll
0x00007ff8db1e0000 - 0x00007ff8db1f3000 	C:\Program Files\Java\jdk1.8.0_301\jre\bin\nio.dll
0x00007ff8f1410000 - 0x00007ff8f1427000 	C:\WINDOWS\system32\napinsp.dll
0x00007ff8f13f0000 - 0x00007ff8f140b000 	C:\WINDOWS\system32\pnrpnsp.dll
0x00007ff914790000 - 0x00007ff914877000 	C:\WINDOWS\SYSTEM32\DNSAPI.dll
0x00007ff914760000 - 0x00007ff91478d000 	C:\WINDOWS\SYSTEM32\IPHLPAPI.DLL
0x00007ff916e60000 - 0x00007ff916e69000 	C:\WINDOWS\System32\NSI.dll
0x00007ff8eefc0000 - 0x00007ff8eefd2000 	C:\WINDOWS\System32\winrnr.dll
0x00007ff90ea70000 - 0x00007ff90ea85000 	C:\WINDOWS\system32\wshbth.dll
0x00007ff8ed340000 - 0x00007ff8ed35f000 	C:\WINDOWS\system32\nlansp_c.dll
0x00007ff90dad0000 - 0x00007ff90db51000 	C:\WINDOWS\System32\fwpuclnt.dll
0x00007ff8fca70000 - 0x00007ff8fca7a000 	C:\Windows\System32\rasadhlp.dll
0x0000000180000000 - 0x0000000180051000 	C:\Users\roman\Desktop\LXUNA Client\jars\versions\1.8\1.8-natives\lwjgl64.dll
0x00007ff8d3300000 - 0x00007ff8d3401000 	C:\WINDOWS\SYSTEM32\OPENGL32.dll
0x00007ff8db1b0000 - 0x00007ff8db1dd000 	C:\WINDOWS\SYSTEM32\GLU32.dll
0x00007ff912eb0000 - 0x00007ff912ee8000 	C:\WINDOWS\SYSTEM32\dxcore.dll
0x00007ff915280000 - 0x00007ff915298000 	C:\WINDOWS\SYSTEM32\CRYPTSP.dll
0x00007ff914b80000 - 0x00007ff914bb5000 	C:\WINDOWS\system32\rsaenh.dll
0x00007ff915120000 - 0x00007ff915149000 	C:\WINDOWS\SYSTEM32\USERENV.dll
0x00007ff9153f0000 - 0x00007ff915417000 	C:\WINDOWS\SYSTEM32\bcrypt.dll
0x00007ff915b70000 - 0x00007ff915bf0000 	C:\WINDOWS\System32\bcryptprimitives.dll
0x00007ff915270000 - 0x00007ff91527c000 	C:\WINDOWS\SYSTEM32\CRYPTBASE.dll
0x00007ff90eab0000 - 0x00007ff90eac9000 	C:\WINDOWS\SYSTEM32\dhcpcsvc6.DLL
0x00007ff90f240000 - 0x00007ff90f25e000 	C:\WINDOWS\SYSTEM32\dhcpcsvc.DLL
0x00007ff892010000 - 0x00007ff8921a5000 	C:\Program Files\Java\jdk1.8.0_301\jre\bin\awt.dll
0x00007ff917f70000 - 0x00007ff918046000 	C:\WINDOWS\System32\OLEAUT32.dll
0x00007ff912c00000 - 0x00007ff912c91000 	C:\WINDOWS\SYSTEM32\apphelp.dll
0x00007ff90a320000 - 0x00007ff90a3d9000 	C:\WINDOWS\SYSTEM32\mscms.dll
0x00007ff915700000 - 0x00007ff91574c000 	C:\WINDOWS\SYSTEM32\cfgmgr32.dll
0x00007ff916bc0000 - 0x00007ff916c6f000 	C:\WINDOWS\System32\clbcatq.dll
0x00007ff8d79a0000 - 0x00007ff8d79ea000 	C:\Windows\System32\Windows.Internal.Graphics.Display.DisplayColorManagement.dll
0x00007ff912da0000 - 0x00007ff912e4c000 	C:\WINDOWS\system32\uxtheme.dll
0x00007ff916d40000 - 0x00007ff916e5e000 	C:\WINDOWS\System32\MSCTF.dll
0x00007ff90f980000 - 0x00007ff90fab3000 	C:\Windows\System32\AppXDeploymentClient.dll
0x00007ff90f790000 - 0x00007ff90f97e000 	C:\WINDOWS\SYSTEM32\urlmon.dll
0x00007ff90f480000 - 0x00007ff90f732000 	C:\Windows\System32\iertutil.dll
0x00007ff90f740000 - 0x00007ff90f768000 	C:\Windows\System32\srvcli.dll
0x00007ff914750000 - 0x00007ff91475c000 	C:\Windows\System32\netutils.dll
0x00007ff86f4f0000 - 0x00007ff872007000 	C:\WINDOWS\System32\DriverStore\FileRepository\nvhdc.inf_amd64_75e4d75cf672cb89\nvoglv64.dll
0x00007ff918050000 - 0x00007ff9184bb000 	C:\WINDOWS\System32\SETUPAPI.dll
0x00007ff916a00000 - 0x00007ff916b9a000 	C:\WINDOWS\System32\ole32.dll
0x00007ff911df0000 - 0x00007ff911e04000 	C:\WINDOWS\SYSTEM32\WTSAPI32.dll
0x00007ff9152d0000 - 0x00007ff9152e2000 	C:\WINDOWS\SYSTEM32\msasn1.dll
0x00007ff90a2c0000 - 0x00007ff90a2f1000 	C:\WINDOWS\SYSTEM32\cryptnet.dll
0x00007ff915a00000 - 0x00007ff915b62000 	C:\WINDOWS\System32\CRYPT32.dll
0x00007ff90a0f0000 - 0x00007ff90a239000 	C:\WINDOWS\SYSTEM32\drvstore.dll
0x00007ff9156d0000 - 0x00007ff9156fc000 	C:\WINDOWS\SYSTEM32\devobj.dll
0x00007ff915340000 - 0x00007ff91537d000 	C:\WINDOWS\SYSTEM32\wldp.dll
0x00007ff915bf0000 - 0x00007ff915c56000 	C:\WINDOWS\System32\WINTRUST.dll
0x00007ff913010000 - 0x00007ff913044000 	C:\WINDOWS\SYSTEM32\ntmarta.dll
0x00007ff8cdb70000 - 0x00007ff8cde33000 	C:\WINDOWS\system32\nvspcap64.dll
0x00007ff913150000 - 0x00007ff91317f000 	C:\WINDOWS\SYSTEM32\dwmapi.dll
0x00007ff8f97d0000 - 0x00007ff8f98fd000 	C:\WINDOWS\SYSTEM32\textinputframework.dll
0x00007ff9127f0000 - 0x00007ff912922000 	C:\WINDOWS\SYSTEM32\CoreMessaging.dll
0x00007ff90fac0000 - 0x00007ff90fe2d000 	C:\WINDOWS\SYSTEM32\CoreUIComponents.dll
0x00007ff8da290000 - 0x00007ff8da2d4000 	C:\WINDOWS\SYSTEM32\icm32.dll
0x00007ff914580000 - 0x00007ff9145cd000 	C:\WINDOWS\SYSTEM32\powrprof.dll
0x00007ff914520000 - 0x00007ff914533000 	C:\WINDOWS\SYSTEM32\UMPDC.dll
0x00007ff9146e0000 - 0x00007ff914743000 	C:\WINDOWS\SYSTEM32\WINSTA.dll
0x0000000070a40000 - 0x0000000070adc000 	C:\Users\roman\Desktop\LXUNA Client\jars\versions\1.8\1.8-natives\avutil-ttv-51.dll
0x0000000065980000 - 0x00000000659d6000 	C:\Users\roman\Desktop\LXUNA Client\jars\versions\1.8\1.8-natives\swresample-ttv-0.dll
0x000000006eb80000 - 0x000000006ec50000 	C:\Users\roman\Desktop\LXUNA Client\jars\versions\1.8\1.8-natives\libmp3lame-ttv.dll
0x00007ff881e70000 - 0x00007ff883214000 	C:\Users\roman\Desktop\LXUNA Client\jars\versions\1.8\1.8-natives\libmfxsw64.dll
0x00007ff8d21e0000 - 0x00007ff8d234d000 	C:\Users\roman\Desktop\LXUNA Client\jars\versions\1.8\1.8-natives\twitchsdk.dll
0x00007ff8f6730000 - 0x00007ff8f6c2b000 	C:\WINDOWS\SYSTEM32\WININET.dll
0x0000021e538c0000 - 0x0000021e53924000 	C:\Users\roman\Desktop\LXUNA Client\jars\versions\1.8\1.8-natives\OpenAL64.dll
0x00007ff901a10000 - 0x00007ff901aac000 	C:\WINDOWS\System32\MMDevApi.dll
0x00007ff878c80000 - 0x00007ff878d22000 	C:\WINDOWS\SYSTEM32\dsound.dll
0x00007ff878bc0000 - 0x00007ff878c71000 	C:\WINDOWS\SYSTEM32\ResampleDmo.DLL
0x00007ff900b00000 - 0x00007ff900b29000 	C:\WINDOWS\SYSTEM32\winmmbase.dll
0x00007ff8e7330000 - 0x00007ff8e733b000 	C:\WINDOWS\SYSTEM32\msdmo.dll
0x00007ff8fc630000 - 0x00007ff8fc7ff000 	C:\WINDOWS\SYSTEM32\AUDIOSES.DLL
0x00007ff913050000 - 0x00007ff913065000 	C:\WINDOWS\SYSTEM32\resourcepolicyclient.dll
0x00007ff890b50000 - 0x00007ff890d29000 	C:\Users\roman\AppData\Local\Discord\app-1.0.9003\modules\discord_hook-1\discord_hook\2b6f62ed4f4\DiscordHook64.dll
0x00007ff912ef0000 - 0x00007ff912fe3000 	C:\WINDOWS\SYSTEM32\dxgi.dll
0x00007ff90eb70000 - 0x00007ff90edf0000 	C:\WINDOWS\SYSTEM32\d3d11.dll
0x00007ff910670000 - 0x00007ff9106b4000 	C:\WINDOWS\SYSTEM32\directxdatabasehelper.dll
0x00007ff90c5e0000 - 0x00007ff90c6e6000 	C:\WINDOWS\System32\DriverStore\FileRepository\nvhdc.inf_amd64_75e4d75cf672cb89\nvldumdx.dll
0x00007ff916ba0000 - 0x00007ff916bbf000 	C:\WINDOWS\System32\imagehlp.dll
0x00007ff8b8f70000 - 0x00007ff8bd975000 	C:\WINDOWS\System32\DriverStore\FileRepository\nvhdc.inf_amd64_75e4d75cf672cb89\nvwgf2umx.dll
0x00007ff8fe7d0000 - 0x00007ff8feee9000 	C:\WINDOWS\SYSTEM32\nvapi64.dll
0x00007ff911f50000 - 0x00007ff9123b6000 	C:\WINDOWS\SYSTEM32\D3DCompiler_47.dll
0x00007ff913590000 - 0x00007ff9137b1000 	C:\WINDOWS\SYSTEM32\dbghelp.dll

VM Arguments:
jvm_args: -Xincgc -Xmx1024M -Xms1024M -Djava.library.path=C:\Users\roman\Desktop\LXUNA Client\jars\versions\1.8\1.8-natives -Dfile.encoding=Cp1252 
java_command: Start
java_class_path (initial): C:\Users\roman\Desktop\LXUNA Client\eclipse\Client\bin;C:\Users\roman\Desktop\LXUNA Client\jars\versions\1.8\1.8.jar;C:\Users\roman\Desktop\LXUNA Client\jars\libraries\java3d\vecmath\1.5.2\vecmath-1.5.2.jar;C:\Users\roman\Desktop\LXUNA Client\jars\libraries\net\sf\trove4j\trove4j\3.0.3\trove4j-3.0.3.jar;C:\Users\roman\Desktop\LXUNA Client\jars\libraries\com\ibm\icu\icu4j-core-mojang\51.2\icu4j-core-mojang-51.2.jar;C:\Users\roman\Desktop\LXUNA Client\jars\libraries\net\sf\jopt-simple\jopt-simple\4.6\jopt-simple-4.6.jar;C:\Users\roman\Desktop\LXUNA Client\jars\libraries\com\paulscode\codecjorbis\20101023\codecjorbis-20101023.jar;C:\Users\roman\Desktop\LXUNA Client\jars\libraries\com\paulscode\codecwav\20101023\codecwav-20101023.jar;C:\Users\roman\Desktop\LXUNA Client\jars\libraries\com\paulscode\libraryjavasound\20101123\libraryjavasound-20101123.jar;C:\Users\roman\Desktop\LXUNA Client\jars\libraries\com\paulscode\librarylwjglopenal\20100824\librarylwjglopenal-20100824.jar;C:\Users\roman\Desktop\LXUNA Client\jars\libraries\com\paulscode\soundsystem\20120107\soundsystem-20120107.jar;C:\Users\roman\Desktop\LXUNA Client\jars\libraries\io\netty\netty-all\4.0.15.Final\netty-all-4.0.15.Final.jar;C:\Users\roman\Desktop\LXUNA Client\jars\libraries\com\google\guava\guava\17.0\guava-17.0.jar;C:\Users\roman\Desktop\LXUNA Client\jars\libraries\org\apache\commons\commons-lang3\3.3.2\commons-lang3-3.3.2.jar;C:\Users\roman\Desktop\LXUNA Client\jars\libraries\commons-io\commons-io\2.4\commons-io-2.4.jar;C:\Users\roman\Desktop\LXUNA Client\jars\libraries\commons-codec\commons-codec\1.9\commons-codec-1.9.jar;C:\Users\roman\Desktop\LXUNA Client\jars\libraries\net\java\jinput\jinput\2.0.5\jinput-2.0.5.jar;C:\Users\roman\Desktop\LXUNA Client\jars\libraries\net\java\jutils\jutils\1.0.0\jutils-1.0.0.jar;C:\Users\roman\Desktop\LXUNA Client\jars\libraries\com\google\code\gson\gson\2.2.4\gson-2.2.4.jar;C:\Users\roman\Desktop\LXUNA Client\jars\libraries\com\mojang\a
Launcher Type: SUN_STANDARD

Environment Variables:
PATH=C:/Users/roman/.p2/pool/plugins/org.eclipse.justj.openjdk.hotspot.jre.full.win32.x86_64_17.0.0.v20211012-1059/jre/bin/server;C:/Users/roman/.p2/pool/plugins/org.eclipse.justj.openjdk.hotspot.jre.full.win32.x86_64_17.0.0.v20211012-1059/jre/bin;C:\Program Files (x86)\Common Files\Oracle\Java\javapath;C:\windows\system32;C:\windows;C:\windows\System32\Wbem;C:\windows\System32\WindowsPowerShell\v1.0\;C:\windows\System32\OpenSSH\;C:\Program Files (x86)\NVIDIA Corporation\PhysX\Common;C:\Program Files\NVIDIA Corporation\NVIDIA NvDLISR;C:\Program Files\dotnet\;C:\Program Files\nodejs\;C:\WINDOWS\system32;C:\WINDOWS;C:\WINDOWS\System32\Wbem;C:\WINDOWS\System32\WindowsPowerShell\v1.0\;C:\WINDOWS\System32\OpenSSH\;C:\Users\roman\AppData\Local\Microsoft\WindowsApps;C:\Users\roman\.dotnet\tools;C:\Users\roman\AppData\Local\Programs\Microsoft VS Code\bin;C:\Users\roman\AppData\Roaming\npm;;C:\Users\roman\Desktop;
USERNAME=roman
OS=Windows_NT
PROCESSOR_IDENTIFIER=Intel64 Family 6 Model 165 Stepping 5, GenuineIntel



---------------  S Y S T E M  ---------------

OS: Windows 10.0 , 64 bit Build 22000 (10.0.22000.120)

CPU:total 16 (initial active 16) (8 cores per cpu, 2 threads per core) family 6 model 165 stepping 5, cmov, cx8, fxsr, mmx, sse, sse2, sse3, ssse3, sse4.1, sse4.2, popcnt, avx, avx2, aes, clmul, erms, 3dnowpref, lzcnt, ht, tsc, tscinvbit, bmi1, bmi2, adx

Memory: 4k page, physical 16640664k(9153304k free), swap 25029272k(10601468k free)

vm_info: Java HotSpot(TM) 64-Bit Server VM (25.301-b09) for windows-amd64 JRE (1.8.0_301-b09), built on Jun  9 2021 06:46:21 by "java_re" with MS VC++ 15.9 (VS2017)

time: Fri Nov  5 18:48:06 2021
timezone: Mountain Daylight Time
elapsed time: 23.117603 seconds (0d 0h 0m 23s)

