#
# A fatal error has been detected by the Java Runtime Environment:
#
#  EXCEPTION_ACCESS_VIOLATION (0xc0000005) at pc=0x00007ff8702f3fe0, pid=29616, tid=0x0000000000003354
#
# JRE version: Java(TM) SE Runtime Environment (8.0_301-b09) (build 1.8.0_301-b09)
# Java VM: Java HotSpot(TM) 64-Bit Server VM (25.301-b09 mixed mode windows-amd64 compressed oops)
# Problematic frame:
# C  [nvoglv64.dll+0xe03fe0]
#
# Failed to write core dump. Minidumps are not enabled by default on client versions of Windows
#
# If you would like to submit a bug report, please visit:
#   http://bugreport.java.com/bugreport/crash.jsp
# The crash happened outside the Java Virtual Machine in native code.
# See problematic frame for where to report the bug.
#

---------------  T H R E A D  ---------------

Current thread (0x0000012c03d9b000):  JavaThread "Client thread" [_thread_in_native, id=13140, stack(0x0000001be8500000,0x0000001be8600000)]

siginfo: ExceptionCode=0xc0000005, reading address 0x000000000000007c

Registers:
RAX=0x0000012c3194ddb4, RBX=0x0000012c1cf0eef0, RCX=0x0000012c1cf0eef0, RDX=0x0000000000000000
RSP=0x0000001be85fe7c8, RBP=0x0000000000000001, RSI=0x0000012c22ed0000, RDI=0x0000001be85fe9b0
R8 =0x0000000000000002, R9 =0x0000000000000001, R10=0x0000000000000004, R11=0x0000000000000004
R12=0x0000012c22ed0000, R13=0x0000000000000000, R14=0x0000012c285d68d0, R15=0x0000000000000001
RIP=0x00007ff8702f3fe0, EFLAGS=0x0000000000010202

Top of Stack: (sp=0x0000001be85fe7c8)
0x0000001be85fe7c8:   00007ff870360298 0000000000000000
0x0000001be85fe7d8:   0000012c25289040 0000012c285d68d0
0x0000001be85fe7e8:   0000000000000001 0000000000000000
0x0000001be85fe7f8:   00007ff86fdf5420 0000012c285d68d0
0x0000001be85fe808:   0000000000000001 00007ff86fdf5420
0x0000001be85fe818:   00007ff86fdf7b6c 0000000000000000
0x0000001be85fe828:   0000012c1d0a3030 0000001b00000780
0x0000001be85fe838:   0000001be85fe9b0 0000001b00000004
0x0000001be85fe848:   0000000000000000 0000004f0000004f
0x0000001be85fe858:   0000000000000005 0000000000000000
0x0000001be85fe868:   0000000000000000 0000000000000000
0x0000001be85fe878:   0000000000000000 0000012c22ed0000
0x0000001be85fe888:   0000012c1d0a3030 0000012c285d68d0
0x0000001be85fe898:   00007ff86ff2f987 0000001be85fe9a0
0x0000001be85fe8a8:   0000001b00000000 0000000000000000
0x0000001be85fe8b8:   0000000000000001 0000001b00000020 

Instructions: (pc=0x00007ff8702f3fe0)
0x00007ff8702f3fc0:   38 48 8b 74 24 40 48 8b 7c 24 48 48 83 c4 20 41
0x00007ff8702f3fd0:   5e e9 ca 2b 06 00 cc cc cc cc cc cc cc cc cc cc
0x00007ff8702f3fe0:   66 83 7a 7c 00 45 8b d8 4c 8b d2 75 0f f6 42 7a
0x00007ff8702f3ff0:   01 74 22 83 3d 42 bc b5 01 00 74 19 44 8b 81 d8 


Register to memory mapping:

RAX=0x0000012c3194ddb4 is an unknown value
RBX=0x0000012c1cf0eef0 is an unknown value
RCX=0x0000012c1cf0eef0 is an unknown value
RDX=0x0000000000000000 is an unknown value
RSP=0x0000001be85fe7c8 is pointing into the stack for thread: 0x0000012c03d9b000
RBP=0x0000000000000001 is an unknown value
RSI=0x0000012c22ed0000 is an unknown value
RDI=0x0000001be85fe9b0 is pointing into the stack for thread: 0x0000012c03d9b000
R8 =0x0000000000000002 is an unknown value
R9 =0x0000000000000001 is an unknown value
R10=0x0000000000000004 is an unknown value
R11=0x0000000000000004 is an unknown value
R12=0x0000012c22ed0000 is an unknown value
R13=0x0000000000000000 is an unknown value
R14=0x0000012c285d68d0 is an unknown value
R15=0x0000000000000001 is an unknown value


Stack: [0x0000001be8500000,0x0000001be8600000],  sp=0x0000001be85fe7c8,  free space=1017k
Native frames: (J=compiled Java code, j=interpreted, Vv=VM code, C=native code)
C  [nvoglv64.dll+0xe03fe0]

Java frames: (J=compiled Java code, j=interpreted, Vv=VM code)
J 3708  org.lwjgl.opengl.GL11.nglTexSubImage2D(IIIIIIIIJJ)V (0 bytes) @ 0x0000012c066dd0c5 [0x0000012c066dd040+0x85]
J 4356 C2 net.minecraft.client.renderer.texture.TextureUtil.uploadTextureSub(I[IIIIIZZZ)V (97 bytes) @ 0x0000012c0679abd4 [0x0000012c0679a780+0x454]
J 5725 C2 net.minecraft.client.renderer.texture.TextureAtlasSprite.updateAnimation()V (229 bytes) @ 0x0000012c06a4986c [0x0000012c06a49620+0x24c]
J 4358 C1 net.minecraft.client.renderer.texture.TextureMap.updateAnimations()V (171 bytes) @ 0x0000012c05f5898c [0x0000012c05f58200+0x78c]
J 4406 C1 net.minecraft.client.renderer.texture.TextureMap.tick()V (5 bytes) @ 0x0000012c0687044c [0x0000012c068703c0+0x8c]
J 4405 C1 net.minecraft.client.renderer.texture.TextureManager.tick()V (39 bytes) @ 0x0000012c06870b2c [0x0000012c068707c0+0x36c]
J 9834 C1 net.minecraft.client.Minecraft.runTick()V (2277 bytes) @ 0x0000012c07263d9c [0x0000012c07263920+0x47c]
j  net.minecraft.client.Minecraft.runGameLoop()V+161
j  net.minecraft.client.Minecraft.run()V+54
j  net.minecraft.client.main.Main.main([Ljava/lang/String;)V+994
j  Start.main([Ljava/lang/String;)V+66
v  ~StubRoutines::call_stub

---------------  P R O C E S S  ---------------

Java Threads: ( => current thread )
  0x0000012c26e01000 JavaThread "pool-2-thread-1" [_thread_blocked, id=34084, stack(0x0000001beae00000,0x0000001beaf00000)]
  0x0000012c1d942000 JavaThread "File IO Thread" [_thread_blocked, id=34020, stack(0x0000001becb00000,0x0000001becc00000)]
  0x0000012c1d945000 JavaThread "Netty Server IO #1" daemon [_thread_in_native, id=21080, stack(0x0000001bec500000,0x0000001bec600000)]
  0x0000012c1d944800 JavaThread "Netty Local Client IO #0" daemon [_thread_blocked, id=32904, stack(0x0000001bec400000,0x0000001bec500000)]
  0x0000012c1d938800 JavaThread "Netty Server IO #0" daemon [_thread_in_native, id=21940, stack(0x0000001bec200000,0x0000001bec300000)]
  0x0000012c1d93a800 JavaThread "Server thread" [_thread_blocked, id=33596, stack(0x0000001bec100000,0x0000001bec200000)]
  0x0000012c1d937800 JavaThread "Snooper Timer" daemon [_thread_blocked, id=33604, stack(0x0000001bead00000,0x0000001beae00000)]
  0x0000012c1d93d000 JavaThread "LWJGL Timer" daemon [_thread_blocked, id=31580, stack(0x0000001bebd00000,0x0000001bebe00000)]
  0x0000012c1bd40800 JavaThread "Chunk Batcher 1" daemon [_thread_blocked, id=13412, stack(0x0000001bebc00000,0x0000001bebd00000)]
  0x0000012c1a677000 JavaThread "Chunk Batcher 0" daemon [_thread_blocked, id=7948, stack(0x0000001beb700000,0x0000001beb800000)]
  0x0000012c26f19800 JavaThread "Thread-8" [_thread_blocked, id=33152, stack(0x0000001beb600000,0x0000001beb700000)]
  0x0000012c1f3a2800 JavaThread "Thread-7" [_thread_blocked, id=20552, stack(0x0000001beb900000,0x0000001beba00000)]
  0x0000012c1e909800 JavaThread "Java2D Disposer" daemon [_thread_blocked, id=31196, stack(0x0000001beb000000,0x0000001beb100000)]
  0x0000012c1e867800 JavaThread "Timer hack thread" daemon [_thread_blocked, id=25220, stack(0x0000001beaf00000,0x0000001beb000000)]
  0x0000012c1b89c800 JavaThread "Snooper Timer" daemon [_thread_blocked, id=32144, stack(0x0000001beac00000,0x0000001bead00000)]
  0x0000012c1a36d000 JavaThread "Service Thread" daemon [_thread_blocked, id=33364, stack(0x0000001beaa00000,0x0000001beab00000)]
  0x0000012c1a293000 JavaThread "C1 CompilerThread11" daemon [_thread_blocked, id=17584, stack(0x0000001bea900000,0x0000001beaa00000)]
  0x0000012c1a291000 JavaThread "C1 CompilerThread10" daemon [_thread_blocked, id=30404, stack(0x0000001bea800000,0x0000001bea900000)]
  0x0000012c1a298000 JavaThread "C1 CompilerThread9" daemon [_thread_blocked, id=13752, stack(0x0000001bea700000,0x0000001bea800000)]
  0x0000012c1a292800 JavaThread "C1 CompilerThread8" daemon [_thread_blocked, id=29040, stack(0x0000001bea600000,0x0000001bea700000)]
  0x0000012c1a297000 JavaThread "C2 CompilerThread7" daemon [_thread_blocked, id=32372, stack(0x0000001bea500000,0x0000001bea600000)]
  0x0000012c1a296800 JavaThread "C2 CompilerThread6" daemon [_thread_blocked, id=19432, stack(0x0000001bea400000,0x0000001bea500000)]
  0x0000012c1a291800 JavaThread "C2 CompilerThread5" daemon [_thread_blocked, id=19244, stack(0x0000001bea300000,0x0000001bea400000)]
  0x0000012c1a295800 JavaThread "C2 CompilerThread4" daemon [_thread_blocked, id=33332, stack(0x0000001bea200000,0x0000001bea300000)]
  0x0000012c1a286000 JavaThread "C2 CompilerThread3" daemon [_thread_blocked, id=20108, stack(0x0000001bea100000,0x0000001bea200000)]
  0x0000012c1a283800 JavaThread "C2 CompilerThread2" daemon [_thread_blocked, id=34184, stack(0x0000001bea000000,0x0000001bea100000)]
  0x0000012c1a276000 JavaThread "C2 CompilerThread1" daemon [_thread_in_native, id=15120, stack(0x0000001be9f00000,0x0000001bea000000)]
  0x0000012c1a275000 JavaThread "C2 CompilerThread0" daemon [_thread_blocked, id=33268, stack(0x0000001be9e00000,0x0000001be9f00000)]
  0x0000012c1a26f800 JavaThread "Attach Listener" daemon [_thread_blocked, id=33644, stack(0x0000001be9d00000,0x0000001be9e00000)]
  0x0000012c1a26e800 JavaThread "Signal Dispatcher" daemon [_thread_blocked, id=24780, stack(0x0000001be9c00000,0x0000001be9d00000)]
  0x0000012c1a26d800 JavaThread "Surrogate Locker Thread (Concurrent GC)" daemon [_thread_blocked, id=33040, stack(0x0000001be9b00000,0x0000001be9c00000)]
  0x0000012c1a243000 JavaThread "Finalizer" daemon [_thread_blocked, id=32128, stack(0x0000001be9a00000,0x0000001be9b00000)]
  0x0000012c1a23c800 JavaThread "Reference Handler" daemon [_thread_blocked, id=12820, stack(0x0000001be9900000,0x0000001be9a00000)]
=>0x0000012c03d9b000 JavaThread "Client thread" [_thread_in_native, id=13140, stack(0x0000001be8500000,0x0000001be8600000)]

Other Threads:
  0x0000012c1a215800 VMThread [stack: 0x0000001be9800000,0x0000001be9900000] [id=4952]
  0x0000012c1a3ca000 WatcherThread [stack: 0x0000001beab00000,0x0000001beac00000] [id=28928]

VM state:not at safepoint (normal execution)

VM Mutex/Monitor currently owned by a thread: None

heap address: 0x00000000c0000000, size: 1024 MB, Compressed Oops mode: 32-bit
Narrow klass base: 0x0000000000000000, Narrow klass shift: 3
Compressed class space size: 1073741824 Address: 0x0000000100000000

Heap:
 par new generation   total 314560K, used 194868K [0x00000000c0000000, 0x00000000d5550000, 0x00000000d5550000)
  eden space 279616K,  63% used [0x00000000c0000000, 0x00000000cadafb68, 0x00000000d1110000)
  from space 34944K,  48% used [0x00000000d3330000, 0x00000000d43cd4f8, 0x00000000d5550000)
  to   space 34944K,   0% used [0x00000000d1110000, 0x00000000d1110000, 0x00000000d3330000)
 concurrent mark-sweep generation total 699072K, used 141389K [0x00000000d5550000, 0x0000000100000000, 0x0000000100000000)
 Metaspace       used 39603K, capacity 39921K, committed 40312K, reserved 1085440K
  class space    used 4591K, capacity 4697K, committed 4804K, reserved 1048576K

Card table byte_map: [0x0000012c14c20000,0x0000012c14e30000] byte_map_base: 0x0000012c14620000

Marking Bits: (CMSBitMap*) 0x0000012c15d90708
 Bits: [0x0000012c15e70000, 0x0000012c1691ac00)

Mod Union Table: (CMSBitMap*) 0x0000012c15d907c8
 Bits: [0x0000012c16920000, 0x0000012c1694aab0)

Polling page: 0x0000012c04070000

CodeCache: size=245760Kb used=31011Kb max_used=31404Kb free=214748Kb
 bounds [0x0000012c05860000, 0x0000012c077c0000, 0x0000012c14860000]
 total_blobs=8031 nmethods=7226 adapters=712
 compilation: enabled

Compilation events (10 events):
Event: 106.742 Thread 0x0000012c1a291800 9849   !   4       java.util.Formatter$FormatSpecifier::precision (63 bytes)
Event: 106.742 Thread 0x0000012c1a275000 9848   !   4       java.util.Formatter$FormatSpecifier::width (59 bytes)
Event: 106.742 Thread 0x0000012c1a296800 9850       4       java.util.Formatter$FormatSpecifier::conversion (94 bytes)
Event: 106.742 Thread 0x0000012c1a291800 nmethod 9849 0x0000012c06eb3910 code [0x0000012c06eb3a40, 0x0000012c06eb3ab8]
Event: 106.744 Thread 0x0000012c1a295800 nmethod 9847 0x0000012c07146890 code [0x0000012c07146a00, 0x0000012c07146c78]
Event: 106.744 Thread 0x0000012c1a296800 nmethod 9850 0x0000012c07148350 code [0x0000012c07148800, 0x0000012c07148ad8]
Event: 106.745 Thread 0x0000012c1a275000 nmethod 9848 0x0000012c07147650 code [0x0000012c071477a0, 0x0000012c07147cf8]
Event: 106.748 Thread 0x0000012c1a276000 9851   !   4       net.minecraft.client.Minecraft::runGameLoop (915 bytes)
Event: 106.749 Thread 0x0000012c1a297000 9852       4       net.minecraft.client.gui.inventory.GuiContainer::isPointInRegion (67 bytes)
Event: 106.750 Thread 0x0000012c1a297000 nmethod 9852 0x0000012c06f16010 code [0x0000012c06f16140, 0x0000012c06f161d8]

GC Heap History (10 events):
Event: 42.755 GC heap before
{Heap before GC invocations=8 (full 4):
 par new generation   total 314560K, used 314560K [0x00000000c0000000, 0x00000000d5550000, 0x00000000d5550000)
  eden space 279616K, 100% used [0x00000000c0000000, 0x00000000d1110000, 0x00000000d1110000)
  from space 34944K, 100% used [0x00000000d1110000, 0x00000000d3330000, 0x00000000d3330000)
  to   space 34944K,   0% used [0x00000000d3330000, 0x00000000d3330000, 0x00000000d5550000)
 concurrent mark-sweep generation total 699072K, used 130696K [0x00000000d5550000, 0x0000000100000000, 0x0000000100000000)
 Metaspace       used 38936K, capacity 39189K, committed 39416K, reserved 1083392K
  class space    used 4547K, capacity 4639K, committed 4676K, reserved 1048576K
Event: 42.765 GC heap after
Heap after GC invocations=9 (full 4):
 par new generation   total 314560K, used 30726K [0x00000000c0000000, 0x00000000d5550000, 0x00000000d5550000)
  eden space 279616K,   0% used [0x00000000c0000000, 0x00000000c0000000, 0x00000000d1110000)
  from space 34944K,  87% used [0x00000000d3330000, 0x00000000d5131a68, 0x00000000d5550000)
  to   space 34944K,   0% used [0x00000000d1110000, 0x00000000d1110000, 0x00000000d3330000)
 concurrent mark-sweep generation total 699072K, used 140028K [0x00000000d5550000, 0x0000000100000000, 0x0000000100000000)
 Metaspace       used 38936K, capacity 39189K, committed 39416K, reserved 1083392K
  class space    used 4547K, capacity 4639K, committed 4676K, reserved 1048576K
}
Event: 56.070 GC heap before
{Heap before GC invocations=9 (full 5):
 par new generation   total 314560K, used 310335K [0x00000000c0000000, 0x00000000d5550000, 0x00000000d5550000)
  eden space 279616K,  99% used [0x00000000c0000000, 0x00000000d110e388, 0x00000000d1110000)
  from space 34944K,  87% used [0x00000000d3330000, 0x00000000d5131a68, 0x00000000d5550000)
  to   space 34944K,   0% used [0x00000000d1110000, 0x00000000d1110000, 0x00000000d3330000)
 concurrent mark-sweep generation total 699072K, used 140028K [0x00000000d5550000, 0x0000000100000000, 0x0000000100000000)
 Metaspace       used 39355K, capacity 39613K, committed 40056K, reserved 1085440K
  class space    used 4584K, capacity 4689K, committed 4804K, reserved 1048576K
Event: 56.082 GC heap after
Heap after GC invocations=10 (full 5):
 par new generation   total 314560K, used 25382K [0x00000000c0000000, 0x00000000d5550000, 0x00000000d5550000)
  eden space 279616K,   0% used [0x00000000c0000000, 0x00000000c0000000, 0x00000000d1110000)
  from space 34944K,  72% used [0x00000000d1110000, 0x00000000d29d9998, 0x00000000d3330000)
  to   space 34944K,   0% used [0x00000000d3330000, 0x00000000d3330000, 0x00000000d5550000)
 concurrent mark-sweep generation total 699072K, used 157067K [0x00000000d5550000, 0x0000000100000000, 0x0000000100000000)
 Metaspace       used 39355K, capacity 39613K, committed 40056K, reserved 1085440K
  class space    used 4584K, capacity 4689K, committed 4804K, reserved 1048576K
}
Event: 71.713 GC heap before
{Heap before GC invocations=10 (full 5):
 par new generation   total 314560K, used 304998K [0x00000000c0000000, 0x00000000d5550000, 0x00000000d5550000)
  eden space 279616K, 100% used [0x00000000c0000000, 0x00000000d1110000, 0x00000000d1110000)
  from space 34944K,  72% used [0x00000000d1110000, 0x00000000d29d9998, 0x00000000d3330000)
  to   space 34944K,   0% used [0x00000000d3330000, 0x00000000d3330000, 0x00000000d5550000)
 concurrent mark-sweep generation total 699072K, used 157067K [0x00000000d5550000, 0x0000000100000000, 0x0000000100000000)
 Metaspace       used 39440K, capacity 39787K, committed 40056K, reserved 1085440K
  class space    used 4589K, capacity 4696K, committed 4804K, reserved 1048576K
Event: 71.716 GC heap after
Heap after GC invocations=11 (full 5):
 par new generation   total 314560K, used 13966K [0x00000000c0000000, 0x00000000d5550000, 0x00000000d5550000)
  eden space 279616K,   0% used [0x00000000c0000000, 0x00000000c0000000, 0x00000000d1110000)
  from space 34944K,  39% used [0x00000000d3330000, 0x00000000d40d3b30, 0x00000000d5550000)
  to   space 34944K,   0% used [0x00000000d1110000, 0x00000000d1110000, 0x00000000d3330000)
 concurrent mark-sweep generation total 699072K, used 157067K [0x00000000d5550000, 0x0000000100000000, 0x0000000100000000)
 Metaspace       used 39440K, capacity 39787K, committed 40056K, reserved 1085440K
  class space    used 4589K, capacity 4696K, committed 4804K, reserved 1048576K
}
Event: 84.617 GC heap before
{Heap before GC invocations=11 (full 5):
 par new generation   total 314560K, used 293582K [0x00000000c0000000, 0x00000000d5550000, 0x00000000d5550000)
  eden space 279616K, 100% used [0x00000000c0000000, 0x00000000d1110000, 0x00000000d1110000)
  from space 34944K,  39% used [0x00000000d3330000, 0x00000000d40d3b30, 0x00000000d5550000)
  to   space 34944K,   0% used [0x00000000d1110000, 0x00000000d1110000, 0x00000000d3330000)
 concurrent mark-sweep generation total 699072K, used 141389K [0x00000000d5550000, 0x0000000100000000, 0x0000000100000000)
 Metaspace       used 39491K, capacity 39857K, committed 40056K, reserved 1085440K
  class space    used 4590K, capacity 4697K, committed 4804K, reserved 1048576K
Event: 84.620 GC heap after
Heap after GC invocations=12 (full 5):
 par new generation   total 314560K, used 15142K [0x00000000c0000000, 0x00000000d5550000, 0x00000000d5550000)
  eden space 279616K,   0% used [0x00000000c0000000, 0x00000000c0000000, 0x00000000d1110000)
  from space 34944K,  43% used [0x00000000d1110000, 0x00000000d1fd98b8, 0x00000000d3330000)
  to   space 34944K,   0% used [0x00000000d3330000, 0x00000000d3330000, 0x00000000d5550000)
 concurrent mark-sweep generation total 699072K, used 141389K [0x00000000d5550000, 0x0000000100000000, 0x0000000100000000)
 Metaspace       used 39491K, capacity 39857K, committed 40056K, reserved 1085440K
  class space    used 4590K, capacity 4697K, committed 4804K, reserved 1048576K
}
Event: 101.534 GC heap before
{Heap before GC invocations=12 (full 5):
 par new generation   total 314560K, used 294758K [0x00000000c0000000, 0x00000000d5550000, 0x00000000d5550000)
  eden space 279616K, 100% used [0x00000000c0000000, 0x00000000d1110000, 0x00000000d1110000)
  from space 34944K,  43% used [0x00000000d1110000, 0x00000000d1fd98b8, 0x00000000d3330000)
  to   space 34944K,   0% used [0x00000000d3330000, 0x00000000d3330000, 0x00000000d5550000)
 concurrent mark-sweep generation total 699072K, used 141389K [0x00000000d5550000, 0x0000000100000000, 0x0000000100000000)
 Metaspace       used 39533K, capacity 39857K, committed 40056K, reserved 1085440K
  class space    used 4590K, capacity 4697K, committed 4804K, reserved 1048576K
Event: 101.537 GC heap after
Heap after GC invocations=13 (full 5):
 par new generation   total 314560K, used 17013K [0x00000000c0000000, 0x00000000d5550000, 0x00000000d5550000)
  eden space 279616K,   0% used [0x00000000c0000000, 0x00000000c0000000, 0x00000000d1110000)
  from space 34944K,  48% used [0x00000000d3330000, 0x00000000d43cd4f8, 0x00000000d5550000)
  to   space 34944K,   0% used [0x00000000d1110000, 0x00000000d1110000, 0x00000000d3330000)
 concurrent mark-sweep generation total 699072K, used 141389K [0x00000000d5550000, 0x0000000100000000, 0x0000000100000000)
 Metaspace       used 39533K, capacity 39857K, committed 40056K, reserved 1085440K
  class space    used 4590K, capacity 4697K, committed 4804K, reserved 1048576K
}

Deoptimization events (10 events):
Event: 106.221 Thread 0x0000012c03d9b000 Uncommon trap: reason=unstable_if action=reinterpret pc=0x0000012c06fd4ed8 method=java.util.Formatter$FormatSpecifier.index(Ljava/lang/String;)I @ 1
Event: 106.221 Thread 0x0000012c03d9b000 Uncommon trap: reason=unstable_if action=reinterpret pc=0x0000012c07675a28 method=sun.misc.FloatingDecimal$BinaryToASCIIBuffer.dtoa(IJIZ)V @ 111
Event: 106.221 Thread 0x0000012c03d9b000 Uncommon trap: reason=unstable_if action=reinterpret pc=0x0000012c06660afc method=sun.misc.FloatingDecimal$BinaryToASCIIBuffer.getChars([C)I @ 47
Event: 106.221 Thread 0x0000012c03d9b000 Uncommon trap: reason=unstable_if action=reinterpret pc=0x0000012c06d406b4 method=sun.misc.FloatingDecimal.getBinaryToASCIIConverter(F)Lsun/misc/FloatingDecimal$BinaryToASCIIConverter; @ 67
Event: 106.222 Thread 0x0000012c03d9b000 Uncommon trap: reason=class_check action=maybe_recompile pc=0x0000012c063b0ff4 method=com.google.gson.internal.$Gson$Types.canonicalize(Ljava/lang/reflect/Type;)Ljava/lang/reflect/Type; @ 1
Event: 106.222 Thread 0x0000012c03d9b000 Uncommon trap: reason=unstable_if action=reinterpret pc=0x0000012c071c0684 method=java.lang.Long.numberOfTrailingZeros(J)I @ 62
Event: 106.226 Thread 0x0000012c03d9b000 Uncommon trap: reason=unstable_if action=reinterpret pc=0x0000012c068c6f14 method=net.minecraft.client.gui.achievement.GuiAchievement.updateAchievementWindow()V @ 4
Event: 106.230 Thread 0x0000012c03d9b000 Uncommon trap: reason=unstable_if action=reinterpret pc=0x0000012c07174e88 method=net.minecraft.client.renderer.GlStateManager.color(FFFF)V @ 30
Event: 106.230 Thread 0x0000012c03d9b000 Uncommon trap: reason=unstable_if action=reinterpret pc=0x0000012c06febf30 method=net.minecraft.client.renderer.GlStateManager.color(FFFF)V @ 30
Event: 106.238 Thread 0x0000012c03d9b000 Uncommon trap: reason=unstable_if action=reinterpret pc=0x0000012c06158fe0 method=net.minecraft.client.renderer.GlStateManager.color(FFFF)V @ 30

Classes redefined (0 events):
No events

Internal exceptions (10 events):
Event: 106.762 Thread 0x0000012c1f3a2800 Exception <a 'java/lang/InterruptedException': sleep interrupted> (0x00000000c5a4b7b8) thrown at [C:\jenkins\workspace\8-2-build-windows-amd64-cygwin\jdk8u301\1513\hotspot\src\share\vm\prims\jvm.cpp, line 3357]
Event: 106.769 Thread 0x0000012c1f3a2800 Exception <a 'java/lang/InterruptedException': sleep interrupted> (0x00000000c5a4ba10) thrown at [C:\jenkins\workspace\8-2-build-windows-amd64-cygwin\jdk8u301\1513\hotspot\src\share\vm\prims\jvm.cpp, line 3357]
Event: 106.776 Thread 0x0000012c1f3a2800 Exception <a 'java/lang/InterruptedException': sleep interrupted> (0x00000000c5a4bc68) thrown at [C:\jenkins\workspace\8-2-build-windows-amd64-cygwin\jdk8u301\1513\hotspot\src\share\vm\prims\jvm.cpp, line 3357]
Event: 106.776 Thread 0x0000012c1f3a2800 Exception <a 'java/lang/InterruptedException': sleep interrupted> (0x00000000c5a4bec0) thrown at [C:\jenkins\workspace\8-2-build-windows-amd64-cygwin\jdk8u301\1513\hotspot\src\share\vm\prims\jvm.cpp, line 3357]
Event: 106.783 Thread 0x0000012c1f3a2800 Exception <a 'java/lang/InterruptedException': sleep interrupted> (0x00000000c5a4c118) thrown at [C:\jenkins\workspace\8-2-build-windows-amd64-cygwin\jdk8u301\1513\hotspot\src\share\vm\prims\jvm.cpp, line 3357]
Event: 106.789 Thread 0x0000012c1f3a2800 Exception <a 'java/lang/InterruptedException': sleep interrupted> (0x00000000c5a4c370) thrown at [C:\jenkins\workspace\8-2-build-windows-amd64-cygwin\jdk8u301\1513\hotspot\src\share\vm\prims\jvm.cpp, line 3357]
Event: 106.796 Thread 0x0000012c1f3a2800 Exception <a 'java/lang/InterruptedException': sleep interrupted> (0x00000000c5a4c5c8) thrown at [C:\jenkins\workspace\8-2-build-windows-amd64-cygwin\jdk8u301\1513\hotspot\src\share\vm\prims\jvm.cpp, line 3357]
Event: 106.803 Thread 0x0000012c1f3a2800 Exception <a 'java/lang/InterruptedException': sleep interrupted> (0x00000000c5a4c820) thrown at [C:\jenkins\workspace\8-2-build-windows-amd64-cygwin\jdk8u301\1513\hotspot\src\share\vm\prims\jvm.cpp, line 3357]
Event: 106.810 Thread 0x0000012c1f3a2800 Exception <a 'java/lang/InterruptedException': sleep interrupted> (0x00000000c5a4ca78) thrown at [C:\jenkins\workspace\8-2-build-windows-amd64-cygwin\jdk8u301\1513\hotspot\src\share\vm\prims\jvm.cpp, line 3357]
Event: 106.817 Thread 0x0000012c1f3a2800 Exception <a 'java/lang/InterruptedException': sleep interrupted> (0x00000000c5a4ccd0) thrown at [C:\jenkins\workspace\8-2-build-windows-amd64-cygwin\jdk8u301\1513\hotspot\src\share\vm\prims\jvm.cpp, line 3357]

Events (10 events):
Event: 106.226 Thread 0x0000012c03d9b000 DEOPT UNPACKING pc=0x0000012c058a5843 sp=0x0000001be85ff288 mode 2
Event: 106.230 Thread 0x0000012c03d9b000 Uncommon trap: trap_request=0xffffff65 fr.pc=0x0000012c07174e88
Event: 106.230 Thread 0x0000012c03d9b000 DEOPT PACKING pc=0x0000012c07174e88 sp=0x0000001be85ff1e0
Event: 106.230 Thread 0x0000012c03d9b000 DEOPT UNPACKING pc=0x0000012c058a5843 sp=0x0000001be85ff028 mode 2
Event: 106.230 Thread 0x0000012c03d9b000 Uncommon trap: trap_request=0xffffff65 fr.pc=0x0000012c06febf30
Event: 106.230 Thread 0x0000012c03d9b000 DEOPT PACKING pc=0x0000012c06febf30 sp=0x0000001be85ff120
Event: 106.230 Thread 0x0000012c03d9b000 DEOPT UNPACKING pc=0x0000012c058a5843 sp=0x0000001be85ff010 mode 2
Event: 106.238 Thread 0x0000012c03d9b000 Uncommon trap: trap_request=0xffffff65 fr.pc=0x0000012c06158fe0
Event: 106.238 Thread 0x0000012c03d9b000 DEOPT PACKING pc=0x0000012c06158fe0 sp=0x0000001be85ff0e0
Event: 106.238 Thread 0x0000012c03d9b000 DEOPT UNPACKING pc=0x0000012c058a5843 sp=0x0000001be85ff078 mode 2


Dynamic libraries:
0x00007ff72b040000 - 0x00007ff72b087000 	C:\Program Files\Java\jdk1.8.0_301\bin\javaw.exe
0x00007ff918520000 - 0x00007ff918727000 	C:\WINDOWS\SYSTEM32\ntdll.dll
0x00007ff917990000 - 0x00007ff917a4d000 	C:\WINDOWS\System32\KERNEL32.DLL
0x00007ff915f10000 - 0x00007ff916284000 	C:\WINDOWS\System32\KERNELBASE.dll
0x00007ff916730000 - 0x00007ff9167dc000 	C:\WINDOWS\System32\ADVAPI32.dll
0x00007ff9167e0000 - 0x00007ff916883000 	C:\WINDOWS\System32\msvcrt.dll
0x00007ff917cc0000 - 0x00007ff917d5d000 	C:\WINDOWS\System32\sechost.dll
0x00007ff9168d0000 - 0x00007ff9169f1000 	C:\WINDOWS\System32\RPCRT4.dll
0x00007ff9177e0000 - 0x00007ff91798c000 	C:\WINDOWS\System32\USER32.dll
0x00007ff915c60000 - 0x00007ff915c86000 	C:\WINDOWS\System32\win32u.dll
0x00007ff917b40000 - 0x00007ff917b69000 	C:\WINDOWS\System32\GDI32.dll
0x00007ff916290000 - 0x00007ff9163a2000 	C:\WINDOWS\System32\gdi32full.dll
0x00007ff915e70000 - 0x00007ff915f0d000 	C:\WINDOWS\System32\msvcp_win.dll
0x00007ff915c90000 - 0x00007ff915da1000 	C:\WINDOWS\System32\ucrtbase.dll
0x00007ff8f4210000 - 0x00007ff8f44b5000 	C:\WINDOWS\WinSxS\amd64_microsoft.windows.common-controls_6595b64144ccf1df_6.0.22000.120_none_9d947278b86cc467\COMCTL32.dll
0x00007ff916890000 - 0x00007ff9168c1000 	C:\WINDOWS\System32\IMM32.DLL
0x00007ff8e6f30000 - 0x00007ff8e6f45000 	C:\Program Files\Java\jdk1.8.0_301\jre\bin\vcruntime140.dll
0x00007ff8da170000 - 0x00007ff8da20b000 	C:\Program Files\Java\jdk1.8.0_301\jre\bin\msvcp140.dll
0x000000006b1a0000 - 0x000000006ba00000 	C:\Program Files\Java\jdk1.8.0_301\jre\bin\server\jvm.dll
0x00007ff917e70000 - 0x00007ff917e78000 	C:\WINDOWS\System32\PSAPI.DLL
0x00007ff911d80000 - 0x00007ff911d89000 	C:\WINDOWS\SYSTEM32\WSOCK32.dll
0x00007ff904820000 - 0x00007ff904853000 	C:\WINDOWS\SYSTEM32\WINMM.dll
0x00007ff90dd20000 - 0x00007ff90dd2a000 	C:\WINDOWS\SYSTEM32\VERSION.dll
0x00007ff917df0000 - 0x00007ff917e5f000 	C:\WINDOWS\System32\WS2_32.dll
0x00007ff914c20000 - 0x00007ff914c38000 	C:\WINDOWS\SYSTEM32\kernel.appcore.dll
0x00007ff900230000 - 0x00007ff900240000 	C:\Program Files\Java\jdk1.8.0_301\jre\bin\verify.dll
0x00007ff8e5310000 - 0x00007ff8e533b000 	C:\Program Files\Java\jdk1.8.0_301\jre\bin\java.dll
0x00007ff8e52f0000 - 0x00007ff8e5308000 	C:\Program Files\Java\jdk1.8.0_301\jre\bin\zip.dll
0x00007ff917030000 - 0x00007ff9177d9000 	C:\WINDOWS\System32\SHELL32.dll
0x00007ff913bb0000 - 0x00007ff914412000 	C:\WINDOWS\SYSTEM32\windows.storage.dll
0x00007ff9163b0000 - 0x00007ff916728000 	C:\WINDOWS\System32\combase.dll
0x00007ff913a40000 - 0x00007ff913ba6000 	C:\WINDOWS\SYSTEM32\wintypes.dll
0x00007ff917b70000 - 0x00007ff917c5a000 	C:\WINDOWS\System32\SHCORE.dll
0x00007ff916c80000 - 0x00007ff916cdd000 	C:\WINDOWS\System32\shlwapi.dll
0x00007ff915930000 - 0x00007ff915951000 	C:\WINDOWS\SYSTEM32\profapi.dll
0x00007ff8f76d0000 - 0x00007ff8f76dd000 	C:\Program Files\Java\jdk1.8.0_301\jre\bin\management.dll
0x00007ff8db1e0000 - 0x00007ff8db1fc000 	C:\Program Files\Java\jdk1.8.0_301\jre\bin\net.dll
0x00007ff915030000 - 0x00007ff915097000 	C:\WINDOWS\system32\mswsock.dll
0x00007ff8db1c0000 - 0x00007ff8db1d3000 	C:\Program Files\Java\jdk1.8.0_301\jre\bin\nio.dll
0x00007ff8f1410000 - 0x00007ff8f1427000 	C:\WINDOWS\system32\napinsp.dll
0x00007ff8f13f0000 - 0x00007ff8f140b000 	C:\WINDOWS\system32\pnrpnsp.dll
0x00007ff914790000 - 0x00007ff914877000 	C:\WINDOWS\SYSTEM32\DNSAPI.dll
0x00007ff914760000 - 0x00007ff91478d000 	C:\WINDOWS\SYSTEM32\IPHLPAPI.DLL
0x00007ff916e60000 - 0x00007ff916e69000 	C:\WINDOWS\System32\NSI.dll
0x00007ff8eefc0000 - 0x00007ff8eefd2000 	C:\WINDOWS\System32\winrnr.dll
0x00007ff90ea70000 - 0x00007ff90ea85000 	C:\WINDOWS\system32\wshbth.dll
0x00007ff8ed340000 - 0x00007ff8ed35f000 	C:\WINDOWS\system32\nlansp_c.dll
0x00007ff90dad0000 - 0x00007ff90db51000 	C:\WINDOWS\System32\fwpuclnt.dll
0x00007ff8fca70000 - 0x00007ff8fca7a000 	C:\Windows\System32\rasadhlp.dll
0x0000000180000000 - 0x0000000180051000 	C:\Users\roman\Desktop\LXUNA Client\jars\versions\1.8\1.8-natives\lwjgl64.dll
0x00007ff8d3300000 - 0x00007ff8d3401000 	C:\WINDOWS\SYSTEM32\OPENGL32.dll
0x00007ff8db190000 - 0x00007ff8db1bd000 	C:\WINDOWS\SYSTEM32\GLU32.dll
0x00007ff912eb0000 - 0x00007ff912ee8000 	C:\WINDOWS\SYSTEM32\dxcore.dll
0x00007ff915280000 - 0x00007ff915298000 	C:\WINDOWS\SYSTEM32\CRYPTSP.dll
0x00007ff914b80000 - 0x00007ff914bb5000 	C:\WINDOWS\system32\rsaenh.dll
0x00007ff915120000 - 0x00007ff915149000 	C:\WINDOWS\SYSTEM32\USERENV.dll
0x00007ff9153f0000 - 0x00007ff915417000 	C:\WINDOWS\SYSTEM32\bcrypt.dll
0x00007ff915b70000 - 0x00007ff915bf0000 	C:\WINDOWS\System32\bcryptprimitives.dll
0x00007ff915270000 - 0x00007ff91527c000 	C:\WINDOWS\SYSTEM32\CRYPTBASE.dll
0x00007ff90eab0000 - 0x00007ff90eac9000 	C:\WINDOWS\SYSTEM32\dhcpcsvc6.DLL
0x00007ff90f240000 - 0x00007ff90f25e000 	C:\WINDOWS\SYSTEM32\dhcpcsvc.DLL
0x00007ff892010000 - 0x00007ff8921a5000 	C:\Program Files\Java\jdk1.8.0_301\jre\bin\awt.dll
0x00007ff917f70000 - 0x00007ff918046000 	C:\WINDOWS\System32\OLEAUT32.dll
0x00007ff912c00000 - 0x00007ff912c91000 	C:\WINDOWS\SYSTEM32\apphelp.dll
0x00007ff90a320000 - 0x00007ff90a3d9000 	C:\WINDOWS\SYSTEM32\mscms.dll
0x00007ff915700000 - 0x00007ff91574c000 	C:\WINDOWS\SYSTEM32\cfgmgr32.dll
0x00007ff916bc0000 - 0x00007ff916c6f000 	C:\WINDOWS\System32\clbcatq.dll
0x00007ff8d79a0000 - 0x00007ff8d79ea000 	C:\Windows\System32\Windows.Internal.Graphics.Display.DisplayColorManagement.dll
0x00007ff912da0000 - 0x00007ff912e4c000 	C:\WINDOWS\system32\uxtheme.dll
0x00007ff916d40000 - 0x00007ff916e5e000 	C:\WINDOWS\System32\MSCTF.dll
0x00007ff90f980000 - 0x00007ff90fab3000 	C:\Windows\System32\AppXDeploymentClient.dll
0x00007ff90f790000 - 0x00007ff90f97e000 	C:\WINDOWS\SYSTEM32\urlmon.dll
0x00007ff90f480000 - 0x00007ff90f732000 	C:\Windows\System32\iertutil.dll
0x00007ff90f740000 - 0x00007ff90f768000 	C:\Windows\System32\srvcli.dll
0x00007ff914750000 - 0x00007ff91475c000 	C:\Windows\System32\netutils.dll
0x00007ff86f4f0000 - 0x00007ff872007000 	C:\WINDOWS\System32\DriverStore\FileRepository\nvhdc.inf_amd64_75e4d75cf672cb89\nvoglv64.dll
0x00007ff918050000 - 0x00007ff9184bb000 	C:\WINDOWS\System32\SETUPAPI.dll
0x00007ff916a00000 - 0x00007ff916b9a000 	C:\WINDOWS\System32\ole32.dll
0x00007ff911df0000 - 0x00007ff911e04000 	C:\WINDOWS\SYSTEM32\WTSAPI32.dll
0x00007ff9152d0000 - 0x00007ff9152e2000 	C:\WINDOWS\SYSTEM32\msasn1.dll
0x00007ff90a2c0000 - 0x00007ff90a2f1000 	C:\WINDOWS\SYSTEM32\cryptnet.dll
0x00007ff915a00000 - 0x00007ff915b62000 	C:\WINDOWS\System32\CRYPT32.dll
0x00007ff90a0f0000 - 0x00007ff90a239000 	C:\WINDOWS\SYSTEM32\drvstore.dll
0x00007ff9156d0000 - 0x00007ff9156fc000 	C:\WINDOWS\SYSTEM32\devobj.dll
0x00007ff915340000 - 0x00007ff91537d000 	C:\WINDOWS\SYSTEM32\wldp.dll
0x00007ff915bf0000 - 0x00007ff915c56000 	C:\WINDOWS\System32\WINTRUST.dll
0x00007ff913010000 - 0x00007ff913044000 	C:\WINDOWS\SYSTEM32\ntmarta.dll
0x00007ff8cdb70000 - 0x00007ff8cde33000 	C:\WINDOWS\system32\nvspcap64.dll
0x00007ff913150000 - 0x00007ff91317f000 	C:\WINDOWS\SYSTEM32\dwmapi.dll
0x00007ff8f97d0000 - 0x00007ff8f98fd000 	C:\WINDOWS\SYSTEM32\textinputframework.dll
0x00007ff9127f0000 - 0x00007ff912922000 	C:\WINDOWS\SYSTEM32\CoreMessaging.dll
0x00007ff90fac0000 - 0x00007ff90fe2d000 	C:\WINDOWS\SYSTEM32\CoreUIComponents.dll
0x00007ff8da290000 - 0x00007ff8da2d4000 	C:\WINDOWS\SYSTEM32\icm32.dll
0x00007ff914580000 - 0x00007ff9145cd000 	C:\WINDOWS\SYSTEM32\powrprof.dll
0x00007ff914520000 - 0x00007ff914533000 	C:\WINDOWS\SYSTEM32\UMPDC.dll
0x00007ff9146e0000 - 0x00007ff914743000 	C:\WINDOWS\SYSTEM32\WINSTA.dll
0x0000000070a40000 - 0x0000000070adc000 	C:\Users\roman\Desktop\LXUNA Client\jars\versions\1.8\1.8-natives\avutil-ttv-51.dll
0x0000000065980000 - 0x00000000659d6000 	C:\Users\roman\Desktop\LXUNA Client\jars\versions\1.8\1.8-natives\swresample-ttv-0.dll
0x000000006eb80000 - 0x000000006ec50000 	C:\Users\roman\Desktop\LXUNA Client\jars\versions\1.8\1.8-natives\libmp3lame-ttv.dll
0x00007ff881e70000 - 0x00007ff883214000 	C:\Users\roman\Desktop\LXUNA Client\jars\versions\1.8\1.8-natives\libmfxsw64.dll
0x00007ff8948b0000 - 0x00007ff894a1d000 	C:\Users\roman\Desktop\LXUNA Client\jars\versions\1.8\1.8-natives\twitchsdk.dll
0x00007ff8f6730000 - 0x00007ff8f6c2b000 	C:\WINDOWS\SYSTEM32\WININET.dll
0x0000012c22b10000 - 0x0000012c22b74000 	C:\Users\roman\Desktop\LXUNA Client\jars\versions\1.8\1.8-natives\OpenAL64.dll
0x00007ff901a10000 - 0x00007ff901aac000 	C:\WINDOWS\System32\MMDevApi.dll
0x00007ff878c80000 - 0x00007ff878d22000 	C:\WINDOWS\SYSTEM32\dsound.dll
0x00007ff900b00000 - 0x00007ff900b29000 	C:\WINDOWS\SYSTEM32\winmmbase.dll
0x00007ff878bc0000 - 0x00007ff878c71000 	C:\WINDOWS\SYSTEM32\ResampleDmo.DLL
0x00007ff8e7330000 - 0x00007ff8e733b000 	C:\WINDOWS\SYSTEM32\msdmo.dll
0x00007ff8fc630000 - 0x00007ff8fc7ff000 	C:\WINDOWS\SYSTEM32\AUDIOSES.DLL
0x00007ff913050000 - 0x00007ff913065000 	C:\WINDOWS\SYSTEM32\resourcepolicyclient.dll
0x00007ff890b50000 - 0x00007ff890d29000 	C:\Users\roman\AppData\Local\Discord\app-1.0.9003\modules\discord_hook-1\discord_hook\2b6f62ed4f4\DiscordHook64.dll
0x00007ff912ef0000 - 0x00007ff912fe3000 	C:\WINDOWS\SYSTEM32\dxgi.dll
0x00007ff90eb70000 - 0x00007ff90edf0000 	C:\WINDOWS\SYSTEM32\d3d11.dll
0x00007ff910670000 - 0x00007ff9106b4000 	C:\WINDOWS\SYSTEM32\directxdatabasehelper.dll
0x00007ff916ba0000 - 0x00007ff916bbf000 	C:\WINDOWS\System32\imagehlp.dll
0x00007ff8fe7d0000 - 0x00007ff8feee9000 	C:\WINDOWS\SYSTEM32\nvapi64.dll
0x00007ff911f50000 - 0x00007ff9123b6000 	C:\WINDOWS\SYSTEM32\D3DCompiler_47.dll
0x00007ff90c5e0000 - 0x00007ff90c6e6000 	C:\WINDOWS\System32\DriverStore\FileRepository\nvhdc.inf_amd64_75e4d75cf672cb89\nvldumdx.dll
0x00007ff8b8f70000 - 0x00007ff8bd975000 	C:\WINDOWS\System32\DriverStore\FileRepository\nvhdc.inf_amd64_75e4d75cf672cb89\nvwgf2umx.dll
0x00007ff913590000 - 0x00007ff9137b1000 	C:\WINDOWS\SYSTEM32\dbghelp.dll

VM Arguments:
jvm_args: -Xincgc -Xmx1024M -Xms1024M -Djava.library.path=C:\Users\roman\Desktop\LXUNA Client\jars\versions\1.8\1.8-natives -Dfile.encoding=Cp1252 
java_command: Start
java_class_path (initial): C:\Users\roman\Desktop\LXUNA Client\eclipse\Client\bin;C:\Users\roman\Desktop\LXUNA Client\jars\versions\1.8\1.8.jar;C:\Users\roman\Desktop\LXUNA Client\jars\libraries\java3d\vecmath\1.5.2\vecmath-1.5.2.jar;C:\Users\roman\Desktop\LXUNA Client\jars\libraries\net\sf\trove4j\trove4j\3.0.3\trove4j-3.0.3.jar;C:\Users\roman\Desktop\LXUNA Client\jars\libraries\com\ibm\icu\icu4j-core-mojang\51.2\icu4j-core-mojang-51.2.jar;C:\Users\roman\Desktop\LXUNA Client\jars\libraries\net\sf\jopt-simple\jopt-simple\4.6\jopt-simple-4.6.jar;C:\Users\roman\Desktop\LXUNA Client\jars\libraries\com\paulscode\codecjorbis\20101023\codecjorbis-20101023.jar;C:\Users\roman\Desktop\LXUNA Client\jars\libraries\com\paulscode\codecwav\20101023\codecwav-20101023.jar;C:\Users\roman\Desktop\LXUNA Client\jars\libraries\com\paulscode\libraryjavasound\20101123\libraryjavasound-20101123.jar;C:\Users\roman\Desktop\LXUNA Client\jars\libraries\com\paulscode\librarylwjglopenal\20100824\librarylwjglopenal-20100824.jar;C:\Users\roman\Desktop\LXUNA Client\jars\libraries\com\paulscode\soundsystem\20120107\soundsystem-20120107.jar;C:\Users\roman\Desktop\LXUNA Client\jars\libraries\io\netty\netty-all\4.0.15.Final\netty-all-4.0.15.Final.jar;C:\Users\roman\Desktop\LXUNA Client\jars\libraries\com\google\guava\guava\17.0\guava-17.0.jar;C:\Users\roman\Desktop\LXUNA Client\jars\libraries\org\apache\commons\commons-lang3\3.3.2\commons-lang3-3.3.2.jar;C:\Users\roman\Desktop\LXUNA Client\jars\libraries\commons-io\commons-io\2.4\commons-io-2.4.jar;C:\Users\roman\Desktop\LXUNA Client\jars\libraries\commons-codec\commons-codec\1.9\commons-codec-1.9.jar;C:\Users\roman\Desktop\LXUNA Client\jars\libraries\net\java\jinput\jinput\2.0.5\jinput-2.0.5.jar;C:\Users\roman\Desktop\LXUNA Client\jars\libraries\net\java\jutils\jutils\1.0.0\jutils-1.0.0.jar;C:\Users\roman\Desktop\LXUNA Client\jars\libraries\com\google\code\gson\gson\2.2.4\gson-2.2.4.jar;C:\Users\roman\Desktop\LXUNA Client\jars\libraries\com\mojang\a
Launcher Type: SUN_STANDARD

Environment Variables:
PATH=C:/Users/roman/.p2/pool/plugins/org.eclipse.justj.openjdk.hotspot.jre.full.win32.x86_64_17.0.0.v20211012-1059/jre/bin/server;C:/Users/roman/.p2/pool/plugins/org.eclipse.justj.openjdk.hotspot.jre.full.win32.x86_64_17.0.0.v20211012-1059/jre/bin;C:\Program Files (x86)\Common Files\Oracle\Java\javapath;C:\windows\system32;C:\windows;C:\windows\System32\Wbem;C:\windows\System32\WindowsPowerShell\v1.0\;C:\windows\System32\OpenSSH\;C:\Program Files (x86)\NVIDIA Corporation\PhysX\Common;C:\Program Files\NVIDIA Corporation\NVIDIA NvDLISR;C:\Program Files\dotnet\;C:\Program Files\nodejs\;C:\WINDOWS\system32;C:\WINDOWS;C:\WINDOWS\System32\Wbem;C:\WINDOWS\System32\WindowsPowerShell\v1.0\;C:\WINDOWS\System32\OpenSSH\;C:\Users\roman\AppData\Local\Microsoft\WindowsApps;C:\Users\roman\.dotnet\tools;C:\Users\roman\AppData\Local\Programs\Microsoft VS Code\bin;C:\Users\roman\AppData\Roaming\npm;;C:\Users\roman\Desktop;
USERNAME=roman
OS=Windows_NT
PROCESSOR_IDENTIFIER=Intel64 Family 6 Model 165 Stepping 5, GenuineIntel



---------------  S Y S T E M  ---------------

OS: Windows 10.0 , 64 bit Build 22000 (10.0.22000.120)

CPU:total 16 (initial active 16) (8 cores per cpu, 2 threads per core) family 6 model 165 stepping 5, cmov, cx8, fxsr, mmx, sse, sse2, sse3, ssse3, sse4.1, sse4.2, popcnt, avx, avx2, aes, clmul, erms, 3dnowpref, lzcnt, ht, tsc, tscinvbit, bmi1, bmi2, adx

Memory: 4k page, physical 16640664k(9165416k free), swap 25029272k(10548796k free)

vm_info: Java HotSpot(TM) 64-Bit Server VM (25.301-b09) for windows-amd64 JRE (1.8.0_301-b09), built on Jun  9 2021 06:46:21 by "java_re" with MS VC++ 15.9 (VS2017)

time: Fri Nov  5 18:46:39 2021
timezone: Mountain Daylight Time
elapsed time: 106.846292 seconds (0d 0h 1m 46s)

